<?xml version="1.0"?>
<!DOCTYPE coverage SYSTEM "http://cobertura.sourceforge.net/xml/coverage-04.dtd">

<coverage line-rate="0.789279112754159" branch-rate="0.8142857142857143" lines-covered="427" lines-valid="541" branches-covered="114" branches-valid="140" complexity="1.477832512315271" version="1.9.4.1" timestamp="1361101179960">
	<sources>
		<source>--source</source>
		<source>/Users/sxs/src/java/commons/src/main/java</source>
	</sources>
	<packages>
		<package name="de.weltraumschaf.commons" line-rate="0.9344262295081968" branch-rate="0.7" complexity="1.1551724137931034">
			<classes>
				<class name="de.weltraumschaf.commons.CapturingOutputStream" filename="de/weltraumschaf/commons/CapturingOutputStream.java" line-rate="1.0" branch-rate="1.0" complexity="1.4">
					<methods>
						<method name="&lt;init&gt;" signature="()V" line-rate="1.0" branch-rate="1.0">
							<lines>
								<line number="37" hits="35" branch="false"/>
								<line number="42" hits="35" branch="false"/>
							</lines>
						</method>
						<method name="equals" signature="(Ljava/lang/Object;)Z" line-rate="1.0" branch-rate="1.0">
							<lines>
								<line number="71" hits="25" branch="true" condition-coverage="100% (2/2)">
									<conditions>
										<condition number="0" type="jump" coverage="100%"/>
									</conditions>
								</line>
								<line number="72" hits="10" branch="false"/>
								<line number="75" hits="15" branch="false"/>
								<line number="77" hits="15" branch="false"/>
							</lines>
						</method>
						<method name="getCapturedOutput" signature="()Ljava/lang/String;" line-rate="1.0" branch-rate="1.0">
							<lines>
								<line number="56" hits="15" branch="false"/>
							</lines>
						</method>
						<method name="hashCode" signature="()I" line-rate="1.0" branch-rate="1.0">
							<lines>
								<line number="66" hits="10" branch="false"/>
							</lines>
						</method>
						<method name="toString" signature="()Ljava/lang/String;" line-rate="1.0" branch-rate="1.0">
							<lines>
								<line number="61" hits="5" branch="false"/>
							</lines>
						</method>
						<method name="write" signature="(I)V" line-rate="1.0" branch-rate="1.0">
							<lines>
								<line number="46" hits="205" branch="false"/>
								<line number="47" hits="205" branch="false"/>
								<line number="48" hits="205" branch="false"/>
							</lines>
						</method>
					</methods>
					<lines>
						<line number="37" hits="35" branch="false"/>
						<line number="42" hits="35" branch="false"/>
						<line number="46" hits="205" branch="false"/>
						<line number="47" hits="205" branch="false"/>
						<line number="48" hits="205" branch="false"/>
						<line number="56" hits="15" branch="false"/>
						<line number="61" hits="5" branch="false"/>
						<line number="66" hits="10" branch="false"/>
						<line number="71" hits="25" branch="true" condition-coverage="100% (2/2)">
							<conditions>
								<condition number="0" type="jump" coverage="100%"/>
							</conditions>
						</line>
						<line number="72" hits="10" branch="false"/>
						<line number="75" hits="15" branch="false"/>
						<line number="77" hits="15" branch="false"/>
					</lines>
				</class>
				<class name="de.weltraumschaf.commons.IO" filename="de/weltraumschaf/commons/IO.java" line-rate="1.0" branch-rate="1.0" complexity="1.0">
					<methods>
					</methods>
					<lines>
					</lines>
				</class>
				<class name="de.weltraumschaf.commons.IOStreams" filename="de/weltraumschaf/commons/IOStreams.java" line-rate="1.0" branch-rate="1.0" complexity="1.0">
					<methods>
						<method name="&lt;init&gt;" signature="(Ljava/io/InputStream;Ljava/io/PrintStream;Ljava/io/PrintStream;)V" line-rate="1.0" branch-rate="1.0">
							<lines>
								<line number="83" hits="115" branch="false"/>
								<line number="84" hits="115" branch="false"/>
								<line number="85" hits="115" branch="false"/>
								<line number="86" hits="115" branch="false"/>
								<line number="87" hits="115" branch="false"/>
							</lines>
						</method>
						<method name="error" signature="(Ljava/lang/String;)V" line-rate="1.0" branch-rate="1.0">
							<lines>
								<line number="175" hits="5" branch="false"/>
								<line number="176" hits="5" branch="false"/>
							</lines>
						</method>
						<method name="errorln" signature="(Ljava/lang/String;)V" line-rate="1.0" branch-rate="1.0">
							<lines>
								<line number="165" hits="20" branch="false"/>
								<line number="166" hits="20" branch="false"/>
							</lines>
						</method>
						<method name="getStderr" signature="()Ljava/io/PrintStream;" line-rate="1.0" branch-rate="1.0">
							<lines>
								<line number="96" hits="55" branch="false"/>
							</lines>
						</method>
						<method name="getStdin" signature="()Ljava/io/InputStream;" line-rate="1.0" branch-rate="1.0">
							<lines>
								<line number="106" hits="5" branch="false"/>
							</lines>
						</method>
						<method name="getStdout" signature="()Ljava/io/PrintStream;" line-rate="1.0" branch-rate="1.0">
							<lines>
								<line number="116" hits="25" branch="false"/>
							</lines>
						</method>
						<method name="newDefault" signature="()Lde/weltraumschaf/commons/IOStreams;" line-rate="1.0" branch-rate="1.0">
							<lines>
								<line number="126" hits="60" branch="false"/>
							</lines>
						</method>
						<method name="newDefault" signature="(Ljava/lang/String;)Lde/weltraumschaf/commons/IOStreams;" line-rate="1.0" branch-rate="1.0">
							<lines>
								<line number="141" hits="60" branch="false"/>
								<line number="142" hits="60" branch="false"/>
								<line number="143" hits="60" branch="false"/>
								<line number="144" hits="60" branch="false"/>
								<line number="145" hits="60" branch="false"/>
							</lines>
						</method>
						<method name="print" signature="(Ljava/lang/String;)V" line-rate="1.0" branch-rate="1.0">
							<lines>
								<line number="195" hits="5" branch="false"/>
								<line number="196" hits="5" branch="false"/>
							</lines>
						</method>
						<method name="printStackTrace" signature="(Ljava/lang/Throwable;)V" line-rate="1.0" branch-rate="1.0">
							<lines>
								<line number="155" hits="5" branch="false"/>
								<line number="156" hits="5" branch="false"/>
							</lines>
						</method>
						<method name="println" signature="(Ljava/lang/String;)V" line-rate="1.0" branch-rate="1.0">
							<lines>
								<line number="185" hits="5" branch="false"/>
								<line number="186" hits="5" branch="false"/>
							</lines>
						</method>
					</methods>
					<lines>
						<line number="83" hits="115" branch="false"/>
						<line number="84" hits="115" branch="false"/>
						<line number="85" hits="115" branch="false"/>
						<line number="86" hits="115" branch="false"/>
						<line number="87" hits="115" branch="false"/>
						<line number="96" hits="55" branch="false"/>
						<line number="106" hits="5" branch="false"/>
						<line number="116" hits="25" branch="false"/>
						<line number="126" hits="60" branch="false"/>
						<line number="141" hits="60" branch="false"/>
						<line number="142" hits="60" branch="false"/>
						<line number="143" hits="60" branch="false"/>
						<line number="144" hits="60" branch="false"/>
						<line number="145" hits="60" branch="false"/>
						<line number="155" hits="5" branch="false"/>
						<line number="156" hits="5" branch="false"/>
						<line number="165" hits="20" branch="false"/>
						<line number="166" hits="20" branch="false"/>
						<line number="175" hits="5" branch="false"/>
						<line number="176" hits="5" branch="false"/>
						<line number="185" hits="5" branch="false"/>
						<line number="186" hits="5" branch="false"/>
						<line number="195" hits="5" branch="false"/>
						<line number="196" hits="5" branch="false"/>
					</lines>
				</class>
				<class name="de.weltraumschaf.commons.Invokable" filename="de/weltraumschaf/commons/Invokable.java" line-rate="1.0" branch-rate="1.0" complexity="1.0">
					<methods>
					</methods>
					<lines>
					</lines>
				</class>
				<class name="de.weltraumschaf.commons.InvokableAdapter" filename="de/weltraumschaf/commons/InvokableAdapter.java" line-rate="0.9024390243902439" branch-rate="0.5" complexity="1.2307692307692308">
					<methods>
						<method name="&lt;init&gt;" signature="([Ljava/lang/String;)V" line-rate="1.0" branch-rate="1.0">
							<lines>
								<line number="78" hits="45" branch="false"/>
								<line number="79" hits="45" branch="false"/>
							</lines>
						</method>
						<method name="&lt;init&gt;" signature="([Ljava/lang/String;Ljava/lang/Runtime;Lde/weltraumschaf/commons/ShutDownHook;)V" line-rate="1.0" branch-rate="1.0">
							<lines>
								<line number="65" hits="55" branch="false"/>
								<line number="88" hits="55" branch="false"/>
								<line number="89" hits="55" branch="false"/>
								<line number="90" hits="55" branch="false"/>
								<line number="91" hits="55" branch="false"/>
								<line number="92" hits="55" branch="false"/>
							</lines>
						</method>
						<method name="exit" signature="(I)V" line-rate="1.0" branch-rate="1.0">
							<lines>
								<line number="188" hits="10" branch="false"/>
								<line number="189" hits="10" branch="false"/>
							</lines>
						</method>
						<method name="exit" signature="(Lde/weltraumschaf/commons/system/ExitCode;)V" line-rate="1.0" branch-rate="1.0">
							<lines>
								<line number="193" hits="5" branch="false"/>
								<line number="194" hits="5" branch="false"/>
							</lines>
						</method>
						<method name="getArgs" signature="()[Ljava/lang/String;" line-rate="1.0" branch-rate="1.0">
							<lines>
								<line number="164" hits="10" branch="false"/>
							</lines>
						</method>
						<method name="getIoStreams" signature="()Lde/weltraumschaf/commons/IOStreams;" line-rate="1.0" branch-rate="1.0">
							<lines>
								<line number="169" hits="10" branch="false"/>
							</lines>
						</method>
						<method name="init" signature="()V" line-rate="1.0" branch-rate="1.0">
							<lines>
								<line number="155" hits="10" branch="false"/>
								<line number="156" hits="10" branch="false"/>
							</lines>
						</method>
						<method name="main" signature="(Lde/weltraumschaf/commons/Invokable;)V" line-rate="0.5" branch-rate="1.0">
							<lines>
								<line number="102" hits="10" branch="false"/>
								<line number="103" hits="0" branch="false"/>
								<line number="104" hits="0" branch="false"/>
								<line number="105" hits="0" branch="false"/>
								<line number="106" hits="10" branch="false"/>
								<line number="107" hits="10" branch="false"/>
							</lines>
						</method>
						<method name="main" signature="(Lde/weltraumschaf/commons/Invokable;Lde/weltraumschaf/commons/IOStreams;)V" line-rate="1.0" branch-rate="1.0">
							<lines>
								<line number="119" hits="25" branch="false"/>
								<line number="120" hits="25" branch="false"/>
							</lines>
						</method>
						<method name="main" signature="(Lde/weltraumschaf/commons/Invokable;Lde/weltraumschaf/commons/IOStreams;Z)V" line-rate="0.9090909090909091" branch-rate="0.5">
							<lines>
								<line number="134" hits="25" branch="false"/>
								<line number="137" hits="25" branch="false"/>
								<line number="138" hits="20" branch="false"/>
								<line number="139" hits="15" branch="false"/>
								<line number="140" hits="15" branch="false"/>
								<line number="141" hits="15" branch="true" condition-coverage="50% (1/2)">
									<conditions>
										<condition number="0" type="jump" coverage="50%"/>
									</conditions>
								</line>
								<line number="142" hits="0" branch="false"/>
								<line number="144" hits="15" branch="false"/>
								<line number="145" hits="10" branch="false"/>
								<line number="147" hits="25" branch="false"/>
								<line number="148" hits="25" branch="false"/>
							</lines>
						</method>
						<method name="registerShutdownHook" signature="(Ljava/lang/Runnable;)V" line-rate="1.0" branch-rate="1.0">
							<lines>
								<line number="183" hits="5" branch="false"/>
								<line number="184" hits="5" branch="false"/>
							</lines>
						</method>
						<method name="setExiter" signature="(Lde/weltraumschaf/commons/system/Exitable;)V" line-rate="1.0" branch-rate="1.0">
							<lines>
								<line number="198" hits="5" branch="false"/>
								<line number="199" hits="5" branch="false"/>
							</lines>
						</method>
						<method name="setIoStreams" signature="(Lde/weltraumschaf/commons/IOStreams;)V" line-rate="1.0" branch-rate="1.0">
							<lines>
								<line number="174" hits="10" branch="false"/>
								<line number="175" hits="10" branch="false"/>
							</lines>
						</method>
					</methods>
					<lines>
						<line number="65" hits="55" branch="false"/>
						<line number="78" hits="45" branch="false"/>
						<line number="79" hits="45" branch="false"/>
						<line number="88" hits="55" branch="false"/>
						<line number="89" hits="55" branch="false"/>
						<line number="90" hits="55" branch="false"/>
						<line number="91" hits="55" branch="false"/>
						<line number="92" hits="55" branch="false"/>
						<line number="102" hits="10" branch="false"/>
						<line number="103" hits="0" branch="false"/>
						<line number="104" hits="0" branch="false"/>
						<line number="105" hits="0" branch="false"/>
						<line number="106" hits="10" branch="false"/>
						<line number="107" hits="10" branch="false"/>
						<line number="119" hits="25" branch="false"/>
						<line number="120" hits="25" branch="false"/>
						<line number="134" hits="25" branch="false"/>
						<line number="137" hits="25" branch="false"/>
						<line number="138" hits="20" branch="false"/>
						<line number="139" hits="15" branch="false"/>
						<line number="140" hits="15" branch="false"/>
						<line number="141" hits="15" branch="true" condition-coverage="50% (1/2)">
							<conditions>
								<condition number="0" type="jump" coverage="50%"/>
							</conditions>
						</line>
						<line number="142" hits="0" branch="false"/>
						<line number="144" hits="15" branch="false"/>
						<line number="145" hits="10" branch="false"/>
						<line number="147" hits="25" branch="false"/>
						<line number="148" hits="25" branch="false"/>
						<line number="155" hits="10" branch="false"/>
						<line number="156" hits="10" branch="false"/>
						<line number="164" hits="10" branch="false"/>
						<line number="169" hits="10" branch="false"/>
						<line number="174" hits="10" branch="false"/>
						<line number="175" hits="10" branch="false"/>
						<line number="183" hits="5" branch="false"/>
						<line number="184" hits="5" branch="false"/>
						<line number="188" hits="10" branch="false"/>
						<line number="189" hits="10" branch="false"/>
						<line number="193" hits="5" branch="false"/>
						<line number="194" hits="5" branch="false"/>
						<line number="198" hits="5" branch="false"/>
						<line number="199" hits="5" branch="false"/>
					</lines>
				</class>
				<class name="de.weltraumschaf.commons.Null" filename="de/weltraumschaf/commons/Null.java" line-rate="0.0" branch-rate="1.0" complexity="1.0">
					<methods>
						<method name="&lt;clinit&gt;" signature="()V" line-rate="0.0" branch-rate="1.0">
							<lines>
								<line number="27" hits="0" branch="false"/>
							</lines>
						</method>
						<method name="&lt;init&gt;" signature="()V" line-rate="0.0" branch-rate="1.0">
							<lines>
								<line number="33" hits="0" branch="false"/>
								<line number="34" hits="0" branch="false"/>
							</lines>
						</method>
						<method name="getInstance" signature="()Lde/weltraumschaf/commons/Null;" line-rate="0.0" branch-rate="1.0">
							<lines>
								<line number="42" hits="0" branch="false"/>
							</lines>
						</method>
					</methods>
					<lines>
						<line number="27" hits="0" branch="false"/>
						<line number="33" hits="0" branch="false"/>
						<line number="34" hits="0" branch="false"/>
						<line number="42" hits="0" branch="false"/>
					</lines>
				</class>
				<class name="de.weltraumschaf.commons.ShutDownHook" filename="de/weltraumschaf/commons/ShutDownHook.java" line-rate="1.0" branch-rate="1.0" complexity="1.5">
					<methods>
						<method name="&lt;clinit&gt;" signature="()V" line-rate="1.0" branch-rate="1.0">
							<lines>
								<line number="42" hits="5" branch="false"/>
							</lines>
						</method>
						<method name="&lt;init&gt;" signature="()V" line-rate="1.0" branch-rate="1.0">
							<lines>
								<line number="58" hits="45" branch="false"/>
								<line number="59" hits="45" branch="false"/>
							</lines>
						</method>
						<method name="&lt;init&gt;" signature="(Ljava/util/logging/Logger;)V" line-rate="1.0" branch-rate="1.0">
							<lines>
								<line number="47" hits="55" branch="false"/>
								<line number="67" hits="55" branch="false"/>
								<line number="68" hits="55" branch="false"/>
								<line number="69" hits="55" branch="false"/>
							</lines>
						</method>
						<method name="register" signature="(Ljava/lang/Runnable;)Lde/weltraumschaf/commons/ShutDownHook;" line-rate="1.0" branch-rate="1.0">
							<lines>
								<line number="94" hits="30" branch="false"/>
								<line number="95" hits="30" branch="false"/>
							</lines>
						</method>
						<method name="run" signature="()V" line-rate="1.0" branch-rate="1.0">
							<lines>
								<line number="76" hits="13" branch="false"/>
								<line number="78" hits="43" branch="true" condition-coverage="100% (2/2)">
									<conditions>
										<condition number="0" type="jump" coverage="100%"/>
									</conditions>
								</line>
								<line number="80" hits="30" branch="false"/>
								<line number="81" hits="5" branch="false"/>
								<line number="82" hits="5" branch="false"/>
								<line number="83" hits="30" branch="false"/>
								<line number="85" hits="13" branch="false"/>
							</lines>
						</method>
					</methods>
					<lines>
						<line number="42" hits="5" branch="false"/>
						<line number="47" hits="55" branch="false"/>
						<line number="58" hits="45" branch="false"/>
						<line number="59" hits="45" branch="false"/>
						<line number="67" hits="55" branch="false"/>
						<line number="68" hits="55" branch="false"/>
						<line number="69" hits="55" branch="false"/>
						<line number="76" hits="13" branch="false"/>
						<line number="78" hits="43" branch="true" condition-coverage="100% (2/2)">
							<conditions>
								<condition number="0" type="jump" coverage="100%"/>
							</conditions>
						</line>
						<line number="80" hits="30" branch="false"/>
						<line number="81" hits="5" branch="false"/>
						<line number="82" hits="5" branch="false"/>
						<line number="83" hits="30" branch="false"/>
						<line number="85" hits="13" branch="false"/>
						<line number="94" hits="30" branch="false"/>
						<line number="95" hits="30" branch="false"/>
					</lines>
				</class>
				<class name="de.weltraumschaf.commons.Version" filename="de/weltraumschaf/commons/Version.java" line-rate="1.0" branch-rate="0.5" complexity="1.25">
					<methods>
						<method name="&lt;init&gt;" signature="(Ljava/lang/String;)V" line-rate="1.0" branch-rate="1.0">
							<lines>
								<line number="112" hits="5" branch="false"/>
								<line number="120" hits="5" branch="false"/>
								<line number="121" hits="5" branch="false"/>
								<line number="122" hits="5" branch="false"/>
							</lines>
						</method>
						<method name="getVersion" signature="()Ljava/lang/String;" line-rate="1.0" branch-rate="1.0">
							<lines>
								<line number="163" hits="10" branch="false"/>
							</lines>
						</method>
						<method name="load" signature="()V" line-rate="1.0" branch-rate="0.5">
							<lines>
								<line number="132" hits="5" branch="true" condition-coverage="50% (1/2)">
									<conditions>
										<condition number="0" type="jump" coverage="50%"/>
									</conditions>
								</line>
								<line number="133" hits="5" branch="false"/>
								<line number="134" hits="5" branch="false"/>
								<line number="136" hits="5" branch="false"/>
							</lines>
						</method>
						<method name="loadImpl" signature="()V" line-rate="1.0" branch-rate="0.5">
							<lines>
								<line number="144" hits="5" branch="false"/>
								<line number="147" hits="5" branch="false"/>
								<line number="148" hits="5" branch="false"/>
								<line number="149" hits="5" branch="false"/>
								<line number="151" hits="5" branch="true" condition-coverage="50% (1/2)">
									<conditions>
										<condition number="0" type="jump" coverage="50%"/>
									</conditions>
								</line>
								<line number="152" hits="5" branch="false"/>
								<line number="155" hits="5" branch="false"/>
							</lines>
						</method>
						<method name="toString" signature="()Ljava/lang/String;" line-rate="1.0" branch-rate="1.0">
							<lines>
								<line number="174" hits="5" branch="false"/>
							</lines>
						</method>
					</methods>
					<lines>
						<line number="112" hits="5" branch="false"/>
						<line number="120" hits="5" branch="false"/>
						<line number="121" hits="5" branch="false"/>
						<line number="122" hits="5" branch="false"/>
						<line number="132" hits="5" branch="true" condition-coverage="50% (1/2)">
							<conditions>
								<condition number="0" type="jump" coverage="50%"/>
							</conditions>
						</line>
						<line number="133" hits="5" branch="false"/>
						<line number="134" hits="5" branch="false"/>
						<line number="136" hits="5" branch="false"/>
						<line number="144" hits="5" branch="false"/>
						<line number="147" hits="5" branch="false"/>
						<line number="148" hits="5" branch="false"/>
						<line number="149" hits="5" branch="false"/>
						<line number="151" hits="5" branch="true" condition-coverage="50% (1/2)">
							<conditions>
								<condition number="0" type="jump" coverage="50%"/>
							</conditions>
						</line>
						<line number="152" hits="5" branch="false"/>
						<line number="155" hits="5" branch="false"/>
						<line number="163" hits="10" branch="false"/>
						<line number="174" hits="5" branch="false"/>
					</lines>
				</class>
				<class name="de.weltraumschaf.commons.Version$PropertyNames" filename="de/weltraumschaf/commons/Version.java" line-rate="1.0" branch-rate="1.0" complexity="1.25">
					<methods>
						<method name="&lt;clinit&gt;" signature="()V" line-rate="1.0" branch-rate="1.0">
							<lines>
								<line number="50" hits="5" branch="false"/>
								<line number="55" hits="5" branch="false"/>
							</lines>
						</method>
						<method name="&lt;init&gt;" signature="(Ljava/lang/String;ILjava/lang/String;Ljava/lang/String;)V" line-rate="1.0" branch-rate="1.0">
							<lines>
								<line number="73" hits="5" branch="false"/>
								<line number="74" hits="5" branch="false"/>
								<line number="75" hits="5" branch="false"/>
								<line number="76" hits="5" branch="false"/>
							</lines>
						</method>
						<method name="getDefaultValue" signature="()Ljava/lang/String;" line-rate="1.0" branch-rate="1.0">
							<lines>
								<line number="94" hits="10" branch="false"/>
							</lines>
						</method>
						<method name="toString" signature="()Ljava/lang/String;" line-rate="1.0" branch-rate="1.0">
							<lines>
								<line number="85" hits="10" branch="false"/>
							</lines>
						</method>
						<method name="valueOf" signature="(Ljava/lang/String;)Lde/weltraumschaf/commons/Version$PropertyNames;" line-rate="1.0" branch-rate="1.0">
							<lines>
							</lines>
						</method>
						<method name="values" signature="()[Lde/weltraumschaf/commons/Version$PropertyNames;" line-rate="1.0" branch-rate="1.0">
							<lines>
							</lines>
						</method>
					</methods>
					<lines>
						<line number="50" hits="5" branch="false"/>
						<line number="55" hits="5" branch="false"/>
						<line number="73" hits="5" branch="false"/>
						<line number="74" hits="5" branch="false"/>
						<line number="75" hits="5" branch="false"/>
						<line number="76" hits="5" branch="false"/>
						<line number="85" hits="10" branch="false"/>
						<line number="94" hits="10" branch="false"/>
					</lines>
				</class>
			</classes>
		</package>
		<package name="de.weltraumschaf.commons.characters" line-rate="0.88" branch-rate="0.9565217391304348" complexity="1.8235294117647058">
			<classes>
				<class name="de.weltraumschaf.commons.characters.CharacterHelper" filename="de/weltraumschaf/commons/characters/CharacterHelper.java" line-rate="0.875" branch-rate="1.0" complexity="1.8181818181818181">
					<methods>
						<method name="&lt;clinit&gt;" signature="()V" line-rate="1.0" branch-rate="1.0">
							<lines>
								<line number="27" hits="5" branch="false"/>
								<line number="31" hits="5" branch="false"/>
							</lines>
						</method>
						<method name="&lt;init&gt;" signature="()V" line-rate="0.0" branch-rate="1.0">
							<lines>
								<line number="38" hits="0" branch="false"/>
								<line number="39" hits="0" branch="false"/>
							</lines>
						</method>
						<method name="isAlpha" signature="(C)Z" line-rate="1.0" branch-rate="1.0">
							<lines>
								<line number="66" hits="890" branch="true" condition-coverage="100% (4/4)">
									<conditions>
										<condition number="0" type="jump" coverage="100%"/>
										<condition number="1" type="jump" coverage="100%"/>
									</conditions>
								</line>
							</lines>
						</method>
						<method name="isAlphaNum" signature="(C)Z" line-rate="1.0" branch-rate="1.0">
							<lines>
								<line number="88" hits="330" branch="true" condition-coverage="100% (4/4)">
									<conditions>
										<condition number="0" type="jump" coverage="100%"/>
										<condition number="1" type="jump" coverage="100%"/>
									</conditions>
								</line>
							</lines>
						</method>
						<method name="isCharInRange" signature="(CCC)Z" line-rate="1.0" branch-rate="1.0">
							<lines>
								<line number="52" hits="2115" branch="true" condition-coverage="100% (2/2)">
									<conditions>
										<condition number="0" type="jump" coverage="100%"/>
									</conditions>
								</line>
								<line number="53" hits="5" branch="false"/>
								<line number="56" hits="2110" branch="true" condition-coverage="100% (4/4)">
									<conditions>
										<condition number="0" type="jump" coverage="100%"/>
										<condition number="1" type="jump" coverage="100%"/>
									</conditions>
								</line>
							</lines>
						</method>
						<method name="isDoubleQuote" signature="(C)Z" line-rate="1.0" branch-rate="1.0">
							<lines>
								<line number="136" hits="1515" branch="true" condition-coverage="100% (2/2)">
									<conditions>
										<condition number="0" type="jump" coverage="100%"/>
									</conditions>
								</line>
							</lines>
						</method>
						<method name="isNum" signature="(C)Z" line-rate="1.0" branch-rate="1.0">
							<lines>
								<line number="77" hits="685" branch="false"/>
							</lines>
						</method>
						<method name="isOperator" signature="(C)Z" line-rate="1.0" branch-rate="1.0">
							<lines>
								<line number="160" hits="450" branch="false"/>
							</lines>
						</method>
						<method name="isQuote" signature="(C)Z" line-rate="1.0" branch-rate="1.0">
							<lines>
								<line number="112" hits="370" branch="true" condition-coverage="100% (4/4)">
									<conditions>
										<condition number="0" type="jump" coverage="100%"/>
										<condition number="1" type="jump" coverage="100%"/>
									</conditions>
								</line>
							</lines>
						</method>
						<method name="isSingleQuote" signature="(C)Z" line-rate="1.0" branch-rate="1.0">
							<lines>
								<line number="124" hits="705" branch="true" condition-coverage="100% (2/2)">
									<conditions>
										<condition number="0" type="jump" coverage="100%"/>
									</conditions>
								</line>
							</lines>
						</method>
						<method name="isSpecialChar" signature="(C)Z" line-rate="1.0" branch-rate="1.0">
							<lines>
								<line number="148" hits="130" branch="false"/>
							</lines>
						</method>
						<method name="isWhiteSpace" signature="(C)Z" line-rate="1.0" branch-rate="1.0">
							<lines>
								<line number="100" hits="1115" branch="true" condition-coverage="100% (8/8)">
									<conditions>
										<condition number="0" type="jump" coverage="100%"/>
										<condition number="1" type="jump" coverage="100%"/>
										<condition number="2" type="jump" coverage="100%"/>
										<condition number="3" type="jump" coverage="100%"/>
									</conditions>
								</line>
							</lines>
						</method>
					</methods>
					<lines>
						<line number="27" hits="5" branch="false"/>
						<line number="31" hits="5" branch="false"/>
						<line number="38" hits="0" branch="false"/>
						<line number="39" hits="0" branch="false"/>
						<line number="52" hits="2115" branch="true" condition-coverage="100% (2/2)">
							<conditions>
								<condition number="0" type="jump" coverage="100%"/>
							</conditions>
						</line>
						<line number="53" hits="5" branch="false"/>
						<line number="56" hits="2110" branch="true" condition-coverage="100% (4/4)">
							<conditions>
								<condition number="0" type="jump" coverage="100%"/>
								<condition number="1" type="jump" coverage="100%"/>
							</conditions>
						</line>
						<line number="66" hits="890" branch="true" condition-coverage="100% (4/4)">
							<conditions>
								<condition number="0" type="jump" coverage="100%"/>
								<condition number="1" type="jump" coverage="100%"/>
							</conditions>
						</line>
						<line number="77" hits="685" branch="false"/>
						<line number="88" hits="330" branch="true" condition-coverage="100% (4/4)">
							<conditions>
								<condition number="0" type="jump" coverage="100%"/>
								<condition number="1" type="jump" coverage="100%"/>
							</conditions>
						</line>
						<line number="100" hits="1115" branch="true" condition-coverage="100% (8/8)">
							<conditions>
								<condition number="0" type="jump" coverage="100%"/>
								<condition number="1" type="jump" coverage="100%"/>
								<condition number="2" type="jump" coverage="100%"/>
								<condition number="3" type="jump" coverage="100%"/>
							</conditions>
						</line>
						<line number="112" hits="370" branch="true" condition-coverage="100% (4/4)">
							<conditions>
								<condition number="0" type="jump" coverage="100%"/>
								<condition number="1" type="jump" coverage="100%"/>
							</conditions>
						</line>
						<line number="124" hits="705" branch="true" condition-coverage="100% (2/2)">
							<conditions>
								<condition number="0" type="jump" coverage="100%"/>
							</conditions>
						</line>
						<line number="136" hits="1515" branch="true" condition-coverage="100% (2/2)">
							<conditions>
								<condition number="0" type="jump" coverage="100%"/>
							</conditions>
						</line>
						<line number="148" hits="130" branch="false"/>
						<line number="160" hits="450" branch="false"/>
					</lines>
				</class>
				<class name="de.weltraumschaf.commons.characters.CharacterStream" filename="de/weltraumschaf/commons/characters/CharacterStream.java" line-rate="0.8823529411764706" branch-rate="0.875" complexity="1.8333333333333333">
					<methods>
						<method name="&lt;init&gt;" signature="(Ljava/lang/String;)V" line-rate="1.0" branch-rate="1.0">
							<lines>
								<line number="39" hits="160" branch="false"/>
								<line number="41" hits="40" branch="false"/>
								<line number="46" hits="160" branch="false"/>
								<line number="47" hits="160" branch="false"/>
								<line number="48" hits="200" branch="false"/>
								<line number="49" hits="40" branch="false"/>
								<line number="50" hits="40" branch="false"/>
							</lines>
						</method>
						<method name="current" signature="()C" line-rate="1.0" branch-rate="1.0">
							<lines>
								<line number="84" hits="1264" branch="true" condition-coverage="100% (2/2)">
									<conditions>
										<condition number="0" type="jump" coverage="100%"/>
									</conditions>
								</line>
								<line number="85" hits="8" branch="false"/>
								<line number="86" hits="316" branch="true" condition-coverage="100% (2/2)">
									<conditions>
										<condition number="0" type="jump" coverage="100%"/>
									</conditions>
								</line>
								<line number="87" hits="2" branch="false"/>
								<line number="88" hits="1264" branch="false"/>
								<line number="90" hits="316" branch="false"/>
							</lines>
						</method>
						<method name="getIndex" signature="()I" line-rate="0.0" branch-rate="1.0">
							<lines>
								<line number="113" hits="0" branch="false"/>
								<line number="115" hits="0" branch="false"/>
							</lines>
						</method>
						<method name="hasNext" signature="()Z" line-rate="1.0" branch-rate="1.0">
							<lines>
								<line number="73" hits="2160" branch="true" condition-coverage="100% (2/2)">
									<conditions>
										<condition number="0" type="jump" coverage="100%"/>
									</conditions>
								</line>
								<line number="75" hits="540" branch="true" condition-coverage="100% (2/2)">
									<conditions>
										<condition number="0" type="jump" coverage="100%"/>
									</conditions>
								</line>
							</lines>
						</method>
						<method name="next" signature="()C" line-rate="1.0" branch-rate="1.0">
							<lines>
								<line number="59" hits="1000" branch="true" condition-coverage="100% (2/2)">
									<conditions>
										<condition number="0" type="jump" coverage="100%"/>
									</conditions>
								</line>
								<line number="60" hits="8" branch="false"/>
								<line number="61" hits="250" branch="true" condition-coverage="100% (2/2)">
									<conditions>
										<condition number="0" type="jump" coverage="100%"/>
									</conditions>
								</line>
								<line number="62" hits="2" branch="false"/>
								<line number="63" hits="992" branch="false"/>
								<line number="64" hits="992" branch="false"/>
								<line number="65" hits="248" branch="false"/>
								<line number="66" hits="248" branch="false"/>
							</lines>
						</method>
						<method name="peek" signature="()C" line-rate="0.7777777777777778" branch-rate="0.5">
							<lines>
								<line number="98" hits="4" branch="true" condition-coverage="50% (1/2)">
									<conditions>
										<condition number="0" type="jump" coverage="50%"/>
									</conditions>
								</line>
								<line number="99" hits="0" branch="false"/>
								<line number="100" hits="1" branch="true" condition-coverage="50% (1/2)">
									<conditions>
										<condition number="0" type="jump" coverage="50%"/>
									</conditions>
								</line>
								<line number="101" hits="0" branch="false"/>
								<line number="102" hits="4" branch="false"/>
								<line number="103" hits="4" branch="false"/>
								<line number="104" hits="5" branch="false"/>
								<line number="105" hits="1" branch="false"/>
								<line number="106" hits="1" branch="false"/>
							</lines>
						</method>
					</methods>
					<lines>
						<line number="39" hits="160" branch="false"/>
						<line number="41" hits="40" branch="false"/>
						<line number="46" hits="160" branch="false"/>
						<line number="47" hits="160" branch="false"/>
						<line number="48" hits="200" branch="false"/>
						<line number="49" hits="40" branch="false"/>
						<line number="50" hits="40" branch="false"/>
						<line number="59" hits="1000" branch="true" condition-coverage="100% (2/2)">
							<conditions>
								<condition number="0" type="jump" coverage="100%"/>
							</conditions>
						</line>
						<line number="60" hits="8" branch="false"/>
						<line number="61" hits="250" branch="true" condition-coverage="100% (2/2)">
							<conditions>
								<condition number="0" type="jump" coverage="100%"/>
							</conditions>
						</line>
						<line number="62" hits="2" branch="false"/>
						<line number="63" hits="992" branch="false"/>
						<line number="64" hits="992" branch="false"/>
						<line number="65" hits="248" branch="false"/>
						<line number="66" hits="248" branch="false"/>
						<line number="73" hits="2160" branch="true" condition-coverage="100% (2/2)">
							<conditions>
								<condition number="0" type="jump" coverage="100%"/>
							</conditions>
						</line>
						<line number="75" hits="540" branch="true" condition-coverage="100% (2/2)">
							<conditions>
								<condition number="0" type="jump" coverage="100%"/>
							</conditions>
						</line>
						<line number="84" hits="1264" branch="true" condition-coverage="100% (2/2)">
							<conditions>
								<condition number="0" type="jump" coverage="100%"/>
							</conditions>
						</line>
						<line number="85" hits="8" branch="false"/>
						<line number="86" hits="316" branch="true" condition-coverage="100% (2/2)">
							<conditions>
								<condition number="0" type="jump" coverage="100%"/>
							</conditions>
						</line>
						<line number="87" hits="2" branch="false"/>
						<line number="88" hits="1264" branch="false"/>
						<line number="90" hits="316" branch="false"/>
						<line number="98" hits="4" branch="true" condition-coverage="50% (1/2)">
							<conditions>
								<condition number="0" type="jump" coverage="50%"/>
							</conditions>
						</line>
						<line number="99" hits="0" branch="false"/>
						<line number="100" hits="1" branch="true" condition-coverage="50% (1/2)">
							<conditions>
								<condition number="0" type="jump" coverage="50%"/>
							</conditions>
						</line>
						<line number="101" hits="0" branch="false"/>
						<line number="102" hits="4" branch="false"/>
						<line number="103" hits="4" branch="false"/>
						<line number="104" hits="5" branch="false"/>
						<line number="105" hits="1" branch="false"/>
						<line number="106" hits="1" branch="false"/>
						<line number="113" hits="0" branch="false"/>
						<line number="115" hits="0" branch="false"/>
					</lines>
				</class>
			</classes>
		</package>
		<package name="de.weltraumschaf.commons.shell" line-rate="0.9" branch-rate="0.9038461538461539" complexity="1.875">
			<classes>
				<class name="de.weltraumschaf.commons.shell.CommandType" filename="de/weltraumschaf/commons/shell/CommandType.java" line-rate="1.0" branch-rate="1.0" complexity="0.0">
					<methods>
					</methods>
					<lines>
					</lines>
				</class>
				<class name="de.weltraumschaf.commons.shell.CommandVerifier" filename="de/weltraumschaf/commons/shell/CommandVerifier.java" line-rate="1.0" branch-rate="1.0" complexity="1.0">
					<methods>
					</methods>
					<lines>
					</lines>
				</class>
				<class name="de.weltraumschaf.commons.shell.DefaultParser" filename="de/weltraumschaf/commons/shell/DefaultParser.java" line-rate="0.96" branch-rate="0.8" complexity="4.5">
					<methods>
						<method name="&lt;init&gt;" signature="(Lde/weltraumschaf/commons/shell/Scanner;Lde/weltraumschaf/commons/shell/CommandVerifier;Lde/weltraumschaf/commons/shell/LiteralCommandMap;)V" line-rate="1.0" branch-rate="1.0">
							<lines>
								<line number="67" hits="20" branch="false"/>
								<line number="68" hits="20" branch="false"/>
								<line number="69" hits="20" branch="false"/>
								<line number="70" hits="20" branch="false"/>
								<line number="71" hits="20" branch="false"/>
							</lines>
						</method>
						<method name="parse" signature="(Ljava/lang/String;)Lde/weltraumschaf/commons/shell/ShellCommand;" line-rate="0.95" branch-rate="0.8">
							<lines>
								<line number="82" hits="40" branch="false"/>
								<line number="83" hits="40" branch="false"/>
								<line number="85" hits="40" branch="true" condition-coverage="100% (2/2)">
									<conditions>
										<condition number="0" type="jump" coverage="100%"/>
									</conditions>
								</line>
								<line number="86" hits="10" branch="false"/>
								<line number="89" hits="30" branch="false"/>
								<line number="90" hits="30" branch="false"/>
								<line number="91" hits="30" branch="false"/>
								<line number="93" hits="30" branch="true" condition-coverage="100% (2/2)">
									<conditions>
										<condition number="0" type="jump" coverage="100%"/>
									</conditions>
								</line>
								<line number="94" hits="15" branch="false"/>
								<line number="96" hits="15" branch="true" condition-coverage="50% (1/2)">
									<conditions>
										<condition number="0" type="jump" coverage="50%"/>
									</conditions>
								</line>
								<line number="97" hits="15" branch="true" condition-coverage="50% (1/2)">
									<conditions>
										<condition number="0" type="jump" coverage="50%"/>
									</conditions>
								</line>
								<line number="98" hits="0" branch="false"/>
								<line number="102" hits="15" branch="false"/>
								<line number="103" hits="15" branch="false"/>
								<line number="109" hits="30" branch="true" condition-coverage="100% (2/2)">
									<conditions>
										<condition number="0" type="jump" coverage="100%"/>
									</conditions>
								</line>
								<line number="110" hits="15" branch="false"/>
								<line number="112" hits="15" branch="false"/>
								<line number="115" hits="30" branch="false"/>
								<line number="116" hits="30" branch="false"/>
								<line number="117" hits="30" branch="false"/>
							</lines>
						</method>
					</methods>
					<lines>
						<line number="67" hits="20" branch="false"/>
						<line number="68" hits="20" branch="false"/>
						<line number="69" hits="20" branch="false"/>
						<line number="70" hits="20" branch="false"/>
						<line number="71" hits="20" branch="false"/>
						<line number="82" hits="40" branch="false"/>
						<line number="83" hits="40" branch="false"/>
						<line number="85" hits="40" branch="true" condition-coverage="100% (2/2)">
							<conditions>
								<condition number="0" type="jump" coverage="100%"/>
							</conditions>
						</line>
						<line number="86" hits="10" branch="false"/>
						<line number="89" hits="30" branch="false"/>
						<line number="90" hits="30" branch="false"/>
						<line number="91" hits="30" branch="false"/>
						<line number="93" hits="30" branch="true" condition-coverage="100% (2/2)">
							<conditions>
								<condition number="0" type="jump" coverage="100%"/>
							</conditions>
						</line>
						<line number="94" hits="15" branch="false"/>
						<line number="96" hits="15" branch="true" condition-coverage="50% (1/2)">
							<conditions>
								<condition number="0" type="jump" coverage="50%"/>
							</conditions>
						</line>
						<line number="97" hits="15" branch="true" condition-coverage="50% (1/2)">
							<conditions>
								<condition number="0" type="jump" coverage="50%"/>
							</conditions>
						</line>
						<line number="98" hits="0" branch="false"/>
						<line number="102" hits="15" branch="false"/>
						<line number="103" hits="15" branch="false"/>
						<line number="109" hits="30" branch="true" condition-coverage="100% (2/2)">
							<conditions>
								<condition number="0" type="jump" coverage="100%"/>
							</conditions>
						</line>
						<line number="110" hits="15" branch="false"/>
						<line number="112" hits="15" branch="false"/>
						<line number="115" hits="30" branch="false"/>
						<line number="116" hits="30" branch="false"/>
						<line number="117" hits="30" branch="false"/>
					</lines>
				</class>
				<class name="de.weltraumschaf.commons.shell.DefaultScanner" filename="de/weltraumschaf/commons/shell/DefaultScanner.java" line-rate="1.0" branch-rate="0.9736842105263158" complexity="4.142857142857143">
					<methods>
						<method name="&lt;init&gt;" signature="(Lde/weltraumschaf/commons/shell/LiteralCommandMap;)V" line-rate="1.0" branch-rate="1.0">
							<lines>
								<line number="44" hits="105" branch="false"/>
								<line number="45" hits="105" branch="false"/>
								<line number="46" hits="105" branch="false"/>
							</lines>
						</method>
						<method name="isKeyword" signature="(Ljava/lang/String;)Z" line-rate="1.0" branch-rate="1.0">
							<lines>
								<line number="201" hits="135" branch="true" condition-coverage="100% (4/4)">
									<conditions>
										<condition number="0" type="jump" coverage="100%"/>
										<condition number="1" type="jump" coverage="100%"/>
									</conditions>
								</line>
							</lines>
						</method>
						<method name="scan" signature="(Ljava/lang/String;)Ljava/util/List;" line-rate="1.0" branch-rate="1.0">
							<lines>
								<line number="60" hits="135" branch="true" condition-coverage="100% (2/2)">
									<conditions>
										<condition number="0" type="jump" coverage="100%"/>
									</conditions>
								</line>
								<line number="61" hits="5" branch="false"/>
								<line number="64" hits="130" branch="false"/>
								<line number="66" hits="130" branch="true" condition-coverage="100% (2/2)">
									<conditions>
										<condition number="0" type="jump" coverage="100%"/>
									</conditions>
								</line>
								<line number="67" hits="125" branch="false"/>
								<line number="70" hits="120" branch="false"/>
							</lines>
						</method>
						<method name="scan" signature="(Ljava/util/List;Lde/weltraumschaf/commons/characters/CharacterStream;)V" line-rate="1.0" branch-rate="0.9">
							<lines>
								<line number="81" hits="345" branch="true" condition-coverage="100% (2/2)">
									<conditions>
										<condition number="0" type="jump" coverage="100%"/>
									</conditions>
								</line>
								<line number="82" hits="230" branch="false"/>
								<line number="84" hits="230" branch="true" condition-coverage="100% (4/4)">
									<conditions>
										<condition number="0" type="jump" coverage="100%"/>
										<condition number="1" type="jump" coverage="100%"/>
									</conditions>
								</line>
								<line number="85" hits="135" branch="false"/>
								<line number="86" hits="95" branch="true" condition-coverage="100% (2/2)">
									<conditions>
										<condition number="0" type="jump" coverage="100%"/>
									</conditions>
								</line>
								<line number="87" hits="65" branch="false"/>
								<line number="88" hits="30" branch="true" condition-coverage="50% (1/2)">
									<conditions>
										<condition number="0" type="jump" coverage="50%"/>
									</conditions>
								</line>
								<line number="89" hits="30" branch="false"/>
								<line number="91" hits="220" branch="false"/>
								<line number="92" hits="115" branch="false"/>
							</lines>
						</method>
						<method name="scanLiteral" signature="(Lde/weltraumschaf/commons/characters/CharacterStream;)Lde/weltraumschaf/commons/token/Token;" line-rate="1.0" branch-rate="1.0">
							<lines>
								<line number="101" hits="135" branch="false"/>
								<line number="102" hits="135" branch="false"/>
								<line number="104" hits="630" branch="true" condition-coverage="100% (2/2)">
									<conditions>
										<condition number="0" type="jump" coverage="100%"/>
									</conditions>
								</line>
								<line number="105" hits="570" branch="false"/>
								<line number="107" hits="570" branch="true" condition-coverage="100% (2/2)">
									<conditions>
										<condition number="0" type="jump" coverage="100%"/>
									</conditions>
								</line>
								<line number="108" hits="75" branch="false"/>
								<line number="111" hits="495" branch="false"/>
								<line number="112" hits="495" branch="false"/>
								<line number="114" hits="135" branch="false"/>
								<line number="116" hits="135" branch="true" condition-coverage="100% (2/2)">
									<conditions>
										<condition number="0" type="jump" coverage="100%"/>
									</conditions>
								</line>
								<line number="117" hits="85" branch="false"/>
								<line number="119" hits="50" branch="false"/>
							</lines>
						</method>
						<method name="scanNumber" signature="(Lde/weltraumschaf/commons/characters/CharacterStream;)Lde/weltraumschaf/commons/token/Token;" line-rate="1.0" branch-rate="1.0">
							<lines>
								<line number="131" hits="65" branch="false"/>
								<line number="133" hits="65" branch="false"/>
								<line number="135" hits="250" branch="true" condition-coverage="100% (2/2)">
									<conditions>
										<condition number="0" type="jump" coverage="100%"/>
									</conditions>
								</line>
								<line number="136" hits="215" branch="false"/>
								<line number="138" hits="215" branch="true" condition-coverage="100% (2/2)">
									<conditions>
										<condition number="0" type="jump" coverage="100%"/>
									</conditions>
								</line>
								<line number="139" hits="25" branch="false"/>
								<line number="142" hits="190" branch="true" condition-coverage="100% (2/2)">
									<conditions>
										<condition number="0" type="jump" coverage="100%"/>
									</conditions>
								</line>
								<line number="143" hits="5" branch="false"/>
								<line number="147" hits="185" branch="false"/>
								<line number="148" hits="185" branch="false"/>
								<line number="150" hits="60" branch="false"/>
							</lines>
						</method>
						<method name="scanString" signature="(Lde/weltraumschaf/commons/characters/CharacterStream;)Lde/weltraumschaf/commons/token/Token;" line-rate="1.0" branch-rate="1.0">
							<lines>
								<line number="163" hits="30" branch="false"/>
								<line number="164" hits="30" branch="false"/>
								<line number="165" hits="30" branch="false"/>
								<line number="167" hits="120" branch="true" condition-coverage="100% (2/2)">
									<conditions>
										<condition number="0" type="jump" coverage="100%"/>
									</conditions>
								</line>
								<line number="168" hits="115" branch="false"/>
								<line number="170" hits="115" branch="true" condition-coverage="100% (2/2)">
									<conditions>
										<condition number="0" type="jump" coverage="100%"/>
									</conditions>
								</line>
								<line number="171" hits="25" branch="false"/>
								<line number="173" hits="25" branch="true" condition-coverage="100% (2/2)">
									<conditions>
										<condition number="0" type="jump" coverage="100%"/>
									</conditions>
								</line>
								<line number="175" hits="20" branch="false"/>
								<line number="181" hits="90" branch="false"/>
								<line number="182" hits="90" branch="false"/>
								<line number="184" hits="30" branch="true" condition-coverage="100% (2/2)">
									<conditions>
										<condition number="0" type="jump" coverage="100%"/>
									</conditions>
								</line>
								<line number="185" hits="5" branch="false"/>
								<line number="188" hits="25" branch="false"/>
							</lines>
						</method>
					</methods>
					<lines>
						<line number="44" hits="105" branch="false"/>
						<line number="45" hits="105" branch="false"/>
						<line number="46" hits="105" branch="false"/>
						<line number="60" hits="135" branch="true" condition-coverage="100% (2/2)">
							<conditions>
								<condition number="0" type="jump" coverage="100%"/>
							</conditions>
						</line>
						<line number="61" hits="5" branch="false"/>
						<line number="64" hits="130" branch="false"/>
						<line number="66" hits="130" branch="true" condition-coverage="100% (2/2)">
							<conditions>
								<condition number="0" type="jump" coverage="100%"/>
							</conditions>
						</line>
						<line number="67" hits="125" branch="false"/>
						<line number="70" hits="120" branch="false"/>
						<line number="81" hits="345" branch="true" condition-coverage="100% (2/2)">
							<conditions>
								<condition number="0" type="jump" coverage="100%"/>
							</conditions>
						</line>
						<line number="82" hits="230" branch="false"/>
						<line number="84" hits="230" branch="true" condition-coverage="100% (4/4)">
							<conditions>
								<condition number="0" type="jump" coverage="100%"/>
								<condition number="1" type="jump" coverage="100%"/>
							</conditions>
						</line>
						<line number="85" hits="135" branch="false"/>
						<line number="86" hits="95" branch="true" condition-coverage="100% (2/2)">
							<conditions>
								<condition number="0" type="jump" coverage="100%"/>
							</conditions>
						</line>
						<line number="87" hits="65" branch="false"/>
						<line number="88" hits="30" branch="true" condition-coverage="50% (1/2)">
							<conditions>
								<condition number="0" type="jump" coverage="50%"/>
							</conditions>
						</line>
						<line number="89" hits="30" branch="false"/>
						<line number="91" hits="220" branch="false"/>
						<line number="92" hits="115" branch="false"/>
						<line number="101" hits="135" branch="false"/>
						<line number="102" hits="135" branch="false"/>
						<line number="104" hits="630" branch="true" condition-coverage="100% (2/2)">
							<conditions>
								<condition number="0" type="jump" coverage="100%"/>
							</conditions>
						</line>
						<line number="105" hits="570" branch="false"/>
						<line number="107" hits="570" branch="true" condition-coverage="100% (2/2)">
							<conditions>
								<condition number="0" type="jump" coverage="100%"/>
							</conditions>
						</line>
						<line number="108" hits="75" branch="false"/>
						<line number="111" hits="495" branch="false"/>
						<line number="112" hits="495" branch="false"/>
						<line number="114" hits="135" branch="false"/>
						<line number="116" hits="135" branch="true" condition-coverage="100% (2/2)">
							<conditions>
								<condition number="0" type="jump" coverage="100%"/>
							</conditions>
						</line>
						<line number="117" hits="85" branch="false"/>
						<line number="119" hits="50" branch="false"/>
						<line number="131" hits="65" branch="false"/>
						<line number="133" hits="65" branch="false"/>
						<line number="135" hits="250" branch="true" condition-coverage="100% (2/2)">
							<conditions>
								<condition number="0" type="jump" coverage="100%"/>
							</conditions>
						</line>
						<line number="136" hits="215" branch="false"/>
						<line number="138" hits="215" branch="true" condition-coverage="100% (2/2)">
							<conditions>
								<condition number="0" type="jump" coverage="100%"/>
							</conditions>
						</line>
						<line number="139" hits="25" branch="false"/>
						<line number="142" hits="190" branch="true" condition-coverage="100% (2/2)">
							<conditions>
								<condition number="0" type="jump" coverage="100%"/>
							</conditions>
						</line>
						<line number="143" hits="5" branch="false"/>
						<line number="147" hits="185" branch="false"/>
						<line number="148" hits="185" branch="false"/>
						<line number="150" hits="60" branch="false"/>
						<line number="163" hits="30" branch="false"/>
						<line number="164" hits="30" branch="false"/>
						<line number="165" hits="30" branch="false"/>
						<line number="167" hits="120" branch="true" condition-coverage="100% (2/2)">
							<conditions>
								<condition number="0" type="jump" coverage="100%"/>
							</conditions>
						</line>
						<line number="168" hits="115" branch="false"/>
						<line number="170" hits="115" branch="true" condition-coverage="100% (2/2)">
							<conditions>
								<condition number="0" type="jump" coverage="100%"/>
							</conditions>
						</line>
						<line number="171" hits="25" branch="false"/>
						<line number="173" hits="25" branch="true" condition-coverage="100% (2/2)">
							<conditions>
								<condition number="0" type="jump" coverage="100%"/>
							</conditions>
						</line>
						<line number="175" hits="20" branch="false"/>
						<line number="181" hits="90" branch="false"/>
						<line number="182" hits="90" branch="false"/>
						<line number="184" hits="30" branch="true" condition-coverage="100% (2/2)">
							<conditions>
								<condition number="0" type="jump" coverage="100%"/>
							</conditions>
						</line>
						<line number="185" hits="5" branch="false"/>
						<line number="188" hits="25" branch="false"/>
						<line number="201" hits="135" branch="true" condition-coverage="100% (4/4)">
							<conditions>
								<condition number="0" type="jump" coverage="100%"/>
								<condition number="1" type="jump" coverage="100%"/>
							</conditions>
						</line>
					</lines>
				</class>
				<class name="de.weltraumschaf.commons.shell.LiteralCommandMap" filename="de/weltraumschaf/commons/shell/LiteralCommandMap.java" line-rate="0.9" branch-rate="0.5" complexity="1.5454545454545454">
					<methods>
						<method name="&lt;init&gt;" signature="(Lde/weltraumschaf/commons/shell/SubCommandType;)V" line-rate="1.0" branch-rate="1.0">
							<lines>
								<line number="30" hits="85" branch="false"/>
								<line number="35" hits="85" branch="false"/>
								<line number="49" hits="85" branch="false"/>
								<line number="50" hits="85" branch="false"/>
								<line number="51" hits="85" branch="false"/>
								<line number="52" hits="85" branch="false"/>
							</lines>
						</method>
						<method name="determineCommand" signature="(Lde/weltraumschaf/commons/token/Token;)Lde/weltraumschaf/commons/shell/MainCommandType;" line-rate="0.6666666666666666" branch-rate="0.5">
							<lines>
								<line number="86" hits="30" branch="true" condition-coverage="50% (1/2)">
									<conditions>
										<condition number="0" type="jump" coverage="50%"/>
									</conditions>
								</line>
								<line number="87" hits="30" branch="false"/>
								<line number="89" hits="0" branch="false"/>
							</lines>
						</method>
						<method name="determineSubCommand" signature="(Lde/weltraumschaf/commons/token/Token;)Lde/weltraumschaf/commons/shell/SubCommandType;" line-rate="0.6666666666666666" branch-rate="0.5">
							<lines>
								<line number="124" hits="15" branch="true" condition-coverage="50% (1/2)">
									<conditions>
										<condition number="0" type="jump" coverage="50%"/>
									</conditions>
								</line>
								<line number="125" hits="15" branch="false"/>
								<line number="127" hits="0" branch="false"/>
							</lines>
						</method>
						<method name="getDefaultSubCommand" signature="()Lde/weltraumschaf/commons/shell/SubCommandType;" line-rate="1.0" branch-rate="1.0">
							<lines>
								<line number="139" hits="30" branch="false"/>
							</lines>
						</method>
						<method name="init" signature="()V" line-rate="1.0" branch-rate="1.0">
							<lines>
								<line number="162" hits="85" branch="false"/>
								<line number="163" hits="85" branch="false"/>
								<line number="164" hits="85" branch="false"/>
							</lines>
						</method>
						<method name="isCommand" signature="(Lde/weltraumschaf/commons/token/Token;)Z" line-rate="1.0" branch-rate="1.0">
							<lines>
								<line number="61" hits="30" branch="false"/>
							</lines>
						</method>
						<method name="isCommand" signature="(Ljava/lang/String;)Z" line-rate="1.0" branch-rate="1.0">
							<lines>
								<line number="71" hits="165" branch="false"/>
							</lines>
						</method>
						<method name="isSubCommand" signature="(Lde/weltraumschaf/commons/token/Token;)Z" line-rate="1.0" branch-rate="1.0">
							<lines>
								<line number="99" hits="30" branch="false"/>
							</lines>
						</method>
						<method name="isSubCommand" signature="(Ljava/lang/String;)Z" line-rate="1.0" branch-rate="1.0">
							<lines>
								<line number="109" hits="95" branch="false"/>
							</lines>
						</method>
					</methods>
					<lines>
						<line number="30" hits="85" branch="false"/>
						<line number="35" hits="85" branch="false"/>
						<line number="49" hits="85" branch="false"/>
						<line number="50" hits="85" branch="false"/>
						<line number="51" hits="85" branch="false"/>
						<line number="52" hits="85" branch="false"/>
						<line number="61" hits="30" branch="false"/>
						<line number="71" hits="165" branch="false"/>
						<line number="86" hits="30" branch="true" condition-coverage="50% (1/2)">
							<conditions>
								<condition number="0" type="jump" coverage="50%"/>
							</conditions>
						</line>
						<line number="87" hits="30" branch="false"/>
						<line number="89" hits="0" branch="false"/>
						<line number="99" hits="30" branch="false"/>
						<line number="109" hits="95" branch="false"/>
						<line number="124" hits="15" branch="true" condition-coverage="50% (1/2)">
							<conditions>
								<condition number="0" type="jump" coverage="50%"/>
							</conditions>
						</line>
						<line number="125" hits="15" branch="false"/>
						<line number="127" hits="0" branch="false"/>
						<line number="139" hits="30" branch="false"/>
						<line number="162" hits="85" branch="false"/>
						<line number="163" hits="85" branch="false"/>
						<line number="164" hits="85" branch="false"/>
					</lines>
				</class>
				<class name="de.weltraumschaf.commons.shell.MainCommandType" filename="de/weltraumschaf/commons/shell/MainCommandType.java" line-rate="1.0" branch-rate="1.0" complexity="0.0">
					<methods>
					</methods>
					<lines>
					</lines>
				</class>
				<class name="de.weltraumschaf.commons.shell.NullCommandVerifier" filename="de/weltraumschaf/commons/shell/NullCommandVerifier.java" line-rate="1.0" branch-rate="1.0" complexity="1.0">
					<methods>
						<method name="&lt;init&gt;" signature="()V" line-rate="1.0" branch-rate="1.0">
							<lines>
								<line number="19" hits="20" branch="false"/>
							</lines>
						</method>
						<method name="verifyCommand" signature="(Lde/weltraumschaf/commons/shell/ShellCommand;)V" line-rate="1.0" branch-rate="1.0">
							<lines>
								<line number="24" hits="30" branch="false"/>
							</lines>
						</method>
					</methods>
					<lines>
						<line number="19" hits="20" branch="false"/>
						<line number="24" hits="30" branch="false"/>
					</lines>
				</class>
				<class name="de.weltraumschaf.commons.shell.Parser" filename="de/weltraumschaf/commons/shell/Parser.java" line-rate="1.0" branch-rate="1.0" complexity="1.0">
					<methods>
					</methods>
					<lines>
					</lines>
				</class>
				<class name="de.weltraumschaf.commons.shell.Parsers" filename="de/weltraumschaf/commons/shell/Parsers.java" line-rate="0.5" branch-rate="1.0" complexity="1.0">
					<methods>
						<method name="&lt;init&gt;" signature="()V" line-rate="0.0" branch-rate="1.0">
							<lines>
								<line number="25" hits="0" branch="false"/>
								<line number="26" hits="0" branch="false"/>
							</lines>
						</method>
						<method name="newParser" signature="(Lde/weltraumschaf/commons/shell/CommandVerifier;Lde/weltraumschaf/commons/shell/LiteralCommandMap;)Lde/weltraumschaf/commons/shell/Parser;" line-rate="0.0" branch-rate="1.0">
							<lines>
								<line number="57" hits="0" branch="false"/>
							</lines>
						</method>
						<method name="newParser" signature="(Lde/weltraumschaf/commons/shell/LiteralCommandMap;)Lde/weltraumschaf/commons/shell/Parser;" line-rate="1.0" branch-rate="1.0">
							<lines>
								<line number="35" hits="20" branch="false"/>
							</lines>
						</method>
						<method name="newParser" signature="(Lde/weltraumschaf/commons/shell/Scanner;Lde/weltraumschaf/commons/shell/CommandVerifier;Lde/weltraumschaf/commons/shell/LiteralCommandMap;)Lde/weltraumschaf/commons/shell/Parser;" line-rate="1.0" branch-rate="1.0">
							<lines>
								<line number="69" hits="20" branch="false"/>
							</lines>
						</method>
						<method name="newParser" signature="(Lde/weltraumschaf/commons/shell/Scanner;Lde/weltraumschaf/commons/shell/LiteralCommandMap;)Lde/weltraumschaf/commons/shell/Parser;" line-rate="1.0" branch-rate="1.0">
							<lines>
								<line number="46" hits="20" branch="false"/>
							</lines>
						</method>
					</methods>
					<lines>
						<line number="25" hits="0" branch="false"/>
						<line number="26" hits="0" branch="false"/>
						<line number="35" hits="20" branch="false"/>
						<line number="46" hits="20" branch="false"/>
						<line number="57" hits="0" branch="false"/>
						<line number="69" hits="20" branch="false"/>
					</lines>
				</class>
				<class name="de.weltraumschaf.commons.shell.Scanner" filename="de/weltraumschaf/commons/shell/Scanner.java" line-rate="1.0" branch-rate="1.0" complexity="1.0">
					<methods>
					</methods>
					<lines>
					</lines>
				</class>
				<class name="de.weltraumschaf.commons.shell.Scanners" filename="de/weltraumschaf/commons/shell/Scanners.java" line-rate="0.3333333333333333" branch-rate="1.0" complexity="1.0">
					<methods>
						<method name="&lt;init&gt;" signature="()V" line-rate="0.0" branch-rate="1.0">
							<lines>
								<line number="25" hits="0" branch="false"/>
								<line number="26" hits="0" branch="false"/>
							</lines>
						</method>
						<method name="newScanner" signature="(Lde/weltraumschaf/commons/shell/LiteralCommandMap;)Lde/weltraumschaf/commons/shell/Scanner;" line-rate="1.0" branch-rate="1.0">
							<lines>
								<line number="35" hits="105" branch="false"/>
							</lines>
						</method>
					</methods>
					<lines>
						<line number="25" hits="0" branch="false"/>
						<line number="26" hits="0" branch="false"/>
						<line number="35" hits="105" branch="false"/>
					</lines>
				</class>
				<class name="de.weltraumschaf.commons.shell.ShellCommand" filename="de/weltraumschaf/commons/shell/ShellCommand.java" line-rate="0.8888888888888888" branch-rate="1.0" complexity="1.0">
					<methods>
						<method name="&lt;init&gt;" signature="(Lde/weltraumschaf/commons/shell/MainCommandType;Lde/weltraumschaf/commons/shell/SubCommandType;Ljava/util/List;)V" line-rate="1.0" branch-rate="1.0">
							<lines>
								<line number="57" hits="30" branch="false"/>
								<line number="58" hits="30" branch="false"/>
								<line number="59" hits="30" branch="false"/>
								<line number="60" hits="30" branch="false"/>
								<line number="61" hits="30" branch="false"/>
							</lines>
						</method>
						<method name="getArguments" signature="()Ljava/util/List;" line-rate="1.0" branch-rate="1.0">
							<lines>
								<line number="92" hits="45" branch="false"/>
							</lines>
						</method>
						<method name="getCommand" signature="()Lde/weltraumschaf/commons/shell/MainCommandType;" line-rate="1.0" branch-rate="1.0">
							<lines>
								<line number="69" hits="30" branch="false"/>
							</lines>
						</method>
						<method name="getSubCommand" signature="()Lde/weltraumschaf/commons/shell/SubCommandType;" line-rate="1.0" branch-rate="1.0">
							<lines>
								<line number="81" hits="30" branch="false"/>
							</lines>
						</method>
						<method name="toString" signature="()Ljava/lang/String;" line-rate="0.0" branch-rate="1.0">
							<lines>
								<line number="97" hits="0" branch="false"/>
							</lines>
						</method>
					</methods>
					<lines>
						<line number="57" hits="30" branch="false"/>
						<line number="58" hits="30" branch="false"/>
						<line number="59" hits="30" branch="false"/>
						<line number="60" hits="30" branch="false"/>
						<line number="61" hits="30" branch="false"/>
						<line number="69" hits="30" branch="false"/>
						<line number="81" hits="30" branch="false"/>
						<line number="92" hits="45" branch="false"/>
						<line number="97" hits="0" branch="false"/>
					</lines>
				</class>
				<class name="de.weltraumschaf.commons.shell.SubCommandType" filename="de/weltraumschaf/commons/shell/SubCommandType.java" line-rate="1.0" branch-rate="1.0" complexity="0.0">
					<methods>
					</methods>
					<lines>
					</lines>
				</class>
				<class name="de.weltraumschaf.commons.shell.SyntaxException" filename="de/weltraumschaf/commons/shell/SyntaxException.java" line-rate="0.5" branch-rate="1.0" complexity="1.0">
					<methods>
						<method name="&lt;init&gt;" signature="()V" line-rate="0.0" branch-rate="1.0">
							<lines>
								<line number="30" hits="0" branch="false"/>
								<line number="31" hits="0" branch="false"/>
							</lines>
						</method>
						<method name="&lt;init&gt;" signature="(Ljava/lang/String;)V" line-rate="1.0" branch-rate="1.0">
							<lines>
								<line number="39" hits="20" branch="false"/>
								<line number="40" hits="20" branch="false"/>
							</lines>
						</method>
						<method name="&lt;init&gt;" signature="(Ljava/lang/String;Ljava/lang/Throwable;)V" line-rate="1.0" branch-rate="1.0">
							<lines>
								<line number="58" hits="20" branch="false"/>
								<line number="59" hits="20" branch="false"/>
							</lines>
						</method>
						<method name="&lt;init&gt;" signature="(Ljava/lang/Throwable;)V" line-rate="0.0" branch-rate="1.0">
							<lines>
								<line number="48" hits="0" branch="false"/>
								<line number="49" hits="0" branch="false"/>
							</lines>
						</method>
					</methods>
					<lines>
						<line number="30" hits="0" branch="false"/>
						<line number="31" hits="0" branch="false"/>
						<line number="39" hits="20" branch="false"/>
						<line number="40" hits="20" branch="false"/>
						<line number="48" hits="0" branch="false"/>
						<line number="49" hits="0" branch="false"/>
						<line number="58" hits="20" branch="false"/>
						<line number="59" hits="20" branch="false"/>
					</lines>
				</class>
			</classes>
		</package>
		<package name="de.weltraumschaf.commons.swing" line-rate="0.9090909090909091" branch-rate="0.75" complexity="1.1714285714285715">
			<classes>
				<class name="de.weltraumschaf.commons.swing.MenuBarBuilder" filename="de/weltraumschaf/commons/swing/MenuBarBuilder.java" line-rate="1.0" branch-rate="1.0" complexity="1.0">
					<methods>
						<method name="&lt;init&gt;" signature="()V" line-rate="1.0" branch-rate="1.0">
							<lines>
								<line number="53" hits="5" branch="false"/>
								<line number="59" hits="5" branch="false"/>
								<line number="60" hits="5" branch="false"/>
							</lines>
						</method>
						<method name="builder" signature="()Lde/weltraumschaf/commons/swing/MenuBarBuilder;" line-rate="1.0" branch-rate="1.0">
							<lines>
								<line number="68" hits="5" branch="false"/>
							</lines>
						</method>
						<method name="create" signature="()Ljavax/swing/JMenuBar;" line-rate="1.0" branch-rate="1.0">
							<lines>
								<line number="77" hits="5" branch="false"/>
							</lines>
						</method>
						<method name="menu" signature="(Ljava/lang/String;)Lde/weltraumschaf/commons/swing/MenuBuilder;" line-rate="1.0" branch-rate="1.0">
							<lines>
								<line number="87" hits="20" branch="false"/>
								<line number="88" hits="20" branch="false"/>
								<line number="89" hits="20" branch="false"/>
							</lines>
						</method>
					</methods>
					<lines>
						<line number="53" hits="5" branch="false"/>
						<line number="59" hits="5" branch="false"/>
						<line number="60" hits="5" branch="false"/>
						<line number="68" hits="5" branch="false"/>
						<line number="77" hits="5" branch="false"/>
						<line number="87" hits="20" branch="false"/>
						<line number="88" hits="20" branch="false"/>
						<line number="89" hits="20" branch="false"/>
					</lines>
				</class>
				<class name="de.weltraumschaf.commons.swing.MenuBuilder" filename="de/weltraumschaf/commons/swing/MenuBuilder.java" line-rate="1.0" branch-rate="1.0" complexity="1.0">
					<methods>
						<method name="&lt;init&gt;" signature="(Ljava/lang/String;Lde/weltraumschaf/commons/swing/MenuBarBuilder;)V" line-rate="1.0" branch-rate="1.0">
							<lines>
								<line number="44" hits="20" branch="false"/>
								<line number="45" hits="20" branch="false"/>
								<line number="46" hits="20" branch="false"/>
								<line number="47" hits="20" branch="false"/>
							</lines>
						</method>
						<method name="end" signature="()Lde/weltraumschaf/commons/swing/MenuBarBuilder;" line-rate="1.0" branch-rate="1.0">
							<lines>
								<line number="86" hits="20" branch="false"/>
							</lines>
						</method>
						<method name="getMenu" signature="()Ljavax/swing/JMenu;" line-rate="1.0" branch-rate="1.0">
							<lines>
								<line number="55" hits="20" branch="false"/>
							</lines>
						</method>
						<method name="item" signature="(Ljava/lang/String;)Lde/weltraumschaf/commons/swing/MenuItemBuilder;" line-rate="1.0" branch-rate="1.0">
							<lines>
								<line number="65" hits="25" branch="false"/>
								<line number="66" hits="25" branch="false"/>
								<line number="67" hits="25" branch="false"/>
							</lines>
						</method>
						<method name="separator" signature="()Lde/weltraumschaf/commons/swing/MenuBuilder;" line-rate="1.0" branch-rate="1.0">
							<lines>
								<line number="76" hits="5" branch="false"/>
								<line number="77" hits="5" branch="false"/>
							</lines>
						</method>
					</methods>
					<lines>
						<line number="44" hits="20" branch="false"/>
						<line number="45" hits="20" branch="false"/>
						<line number="46" hits="20" branch="false"/>
						<line number="47" hits="20" branch="false"/>
						<line number="55" hits="20" branch="false"/>
						<line number="65" hits="25" branch="false"/>
						<line number="66" hits="25" branch="false"/>
						<line number="67" hits="25" branch="false"/>
						<line number="76" hits="5" branch="false"/>
						<line number="77" hits="5" branch="false"/>
						<line number="86" hits="20" branch="false"/>
					</lines>
				</class>
				<class name="de.weltraumschaf.commons.swing.MenuItemBuilder" filename="de/weltraumschaf/commons/swing/MenuItemBuilder.java" line-rate="1.0" branch-rate="1.0" complexity="1.0">
					<methods>
						<method name="&lt;init&gt;" signature="(Ljava/lang/String;Lde/weltraumschaf/commons/swing/MenuBuilder;)V" line-rate="1.0" branch-rate="1.0">
							<lines>
								<line number="45" hits="25" branch="false"/>
								<line number="46" hits="25" branch="false"/>
								<line number="47" hits="25" branch="false"/>
								<line number="48" hits="25" branch="false"/>
							</lines>
						</method>
						<method name="addListener" signature="(Ljava/awt/event/ActionListener;)Lde/weltraumschaf/commons/swing/MenuItemBuilder;" line-rate="1.0" branch-rate="1.0">
							<lines>
								<line number="66" hits="10" branch="false"/>
								<line number="67" hits="10" branch="false"/>
							</lines>
						</method>
						<method name="end" signature="()Lde/weltraumschaf/commons/swing/MenuBuilder;" line-rate="1.0" branch-rate="1.0">
							<lines>
								<line number="76" hits="25" branch="false"/>
							</lines>
						</method>
						<method name="getMenuItem" signature="()Ljavax/swing/JMenuItem;" line-rate="1.0" branch-rate="1.0">
							<lines>
								<line number="56" hits="25" branch="false"/>
							</lines>
						</method>
					</methods>
					<lines>
						<line number="45" hits="25" branch="false"/>
						<line number="46" hits="25" branch="false"/>
						<line number="47" hits="25" branch="false"/>
						<line number="48" hits="25" branch="false"/>
						<line number="56" hits="25" branch="false"/>
						<line number="66" hits="10" branch="false"/>
						<line number="67" hits="10" branch="false"/>
						<line number="76" hits="25" branch="false"/>
					</lines>
				</class>
				<class name="de.weltraumschaf.commons.swing.SwingFrame" filename="de/weltraumschaf/commons/swing/SwingFrame.java" line-rate="0.7948717948717948" branch-rate="0.75" complexity="1.5">
					<methods>
						<method name="&lt;clinit&gt;" signature="()V" line-rate="1.0" branch-rate="1.0">
							<lines>
								<line number="41" hits="5" branch="false"/>
							</lines>
						</method>
						<method name="&lt;init&gt;" signature="(Ljava/lang/String;)V" line-rate="1.0" branch-rate="1.0">
							<lines>
								<line number="51" hits="15" branch="false"/>
								<line number="61" hits="15" branch="false"/>
								<line number="70" hits="15" branch="false"/>
								<line number="71" hits="15" branch="false"/>
								<line number="72" hits="15" branch="false"/>
								<line number="73" hits="15" branch="false"/>
							</lines>
						</method>
						<method name="access$000" signature="(Lde/weltraumschaf/commons/swing/SwingFrame;)Lde/weltraumschaf/commons/system/Exitable;" line-rate="1.0" branch-rate="1.0">
							<lines>
								<line number="31" hits="5" branch="false"/>
							</lines>
						</method>
						<method name="bindWindowClosing" signature="()V" line-rate="1.0" branch-rate="1.0">
							<lines>
								<line number="162" hits="10" branch="false"/>
								<line number="170" hits="10" branch="false"/>
							</lines>
						</method>
						<method name="getPanel" signature="()Ljavax/swing/JPanel;" line-rate="1.0" branch-rate="1.0">
							<lines>
								<line number="116" hits="5" branch="false"/>
							</lines>
						</method>
						<method name="init" signature="()V" line-rate="1.0" branch-rate="1.0">
							<lines>
								<line number="79" hits="20" branch="false"/>
								<line number="81" hits="20" branch="true" condition-coverage="100% (2/2)">
									<conditions>
										<condition number="0" type="jump" coverage="100%"/>
									</conditions>
								</line>
								<line number="82" hits="10" branch="false"/>
								<line number="85" hits="20" branch="false"/>
								<line number="86" hits="20" branch="false"/>
								<line number="87" hits="20" branch="false"/>
								<line number="88" hits="20" branch="false"/>
							</lines>
						</method>
						<method name="initLookAndFeel" signature="()V" line-rate="0.38461538461538464" branch-rate="0.5">
							<lines>
								<line number="135" hits="20" branch="true" condition-coverage="50% (1/2)">
									<conditions>
										<condition number="0" type="jump" coverage="50%"/>
									</conditions>
								</line>
								<line number="137" hits="20" branch="false"/>
								<line number="141" hits="20" branch="false"/>
								<line number="142" hits="0" branch="false"/>
								<line number="143" hits="0" branch="false"/>
								<line number="144" hits="0" branch="false"/>
								<line number="145" hits="0" branch="false"/>
								<line number="146" hits="0" branch="false"/>
								<line number="147" hits="0" branch="false"/>
								<line number="148" hits="0" branch="false"/>
								<line number="149" hits="0" branch="false"/>
								<line number="150" hits="20" branch="false"/>
								<line number="151" hits="20" branch="false"/>
							</lines>
						</method>
						<method name="initMenu" signature="()V" line-rate="1.0" branch-rate="1.0">
							<lines>
								<line number="179" hits="20" branch="false"/>
							</lines>
						</method>
						<method name="initPanel" signature="()V" line-rate="1.0" branch-rate="1.0">
							<lines>
								<line number="198" hits="20" branch="false"/>
							</lines>
						</method>
						<method name="initToolBar" signature="()V" line-rate="1.0" branch-rate="1.0">
							<lines>
								<line number="188" hits="20" branch="false"/>
							</lines>
						</method>
						<method name="isMacOs" signature="()Z" line-rate="1.0" branch-rate="1.0">
							<lines>
								<line number="125" hits="25" branch="false"/>
							</lines>
						</method>
						<method name="setExitOnCloseWindow" signature="(Z)V" line-rate="1.0" branch-rate="1.0">
							<lines>
								<line number="98" hits="10" branch="false"/>
								<line number="99" hits="10" branch="false"/>
[...]
							<lines>
								<line number="52" hits="20" branch="false"/>
								<line number="53" hits="20" branch="false"/>
								<line number="54" hits="20" branch="false"/>
							</lines>
						</method>
						<method name="determine" signature="(Ljava/lang/String;)Lde/weltraumschaf/commons/system/OperatingSystem;" line-rate="1.0" branch-rate="1.0">
							<lines>
								<line number="72" hits="20" branch="false"/>
								<line number="74" hits="20" branch="true" condition-coverage="100% (2/2)">
									<conditions>
										<condition number="0" type="jump" coverage="100%"/>
									</conditions>
								</line>
								<line number="75" hits="5" branch="false"/>
								<line number="78" hits="15" branch="true" condition-coverage="100% (2/2)">
									<conditions>
										<condition number="0" type="jump" coverage="100%"/>
									</conditions>
								</line>
								<line number="79" hits="5" branch="false"/>
								<line number="82" hits="10" branch="true" condition-coverage="100% (2/2)">
									<conditions>
										<condition number="0" type="jump" coverage="100%"/>
									</conditions>
								</line>
								<line number="83" hits="5" branch="false"/>
								<line number="86" hits="5" branch="false"/>
							</lines>
						</method>
						<method name="getName" signature="()Ljava/lang/String;" line-rate="1.0" branch-rate="1.0">
							<lines>
								<line number="62" hits="20" branch="false"/>
							</lines>
						</method>
						<method name="valueOf" signature="(Ljava/lang/String;)Lde/weltraumschaf/commons/system/OperatingSystem;" line-rate="1.0" branch-rate="1.0">
							<lines>
							</lines>
						</method>
						<method name="values" signature="()[Lde/weltraumschaf/commons/system/OperatingSystem;" line-rate="1.0" branch-rate="1.0">
							<lines>
							</lines>
						</method>
					</methods>
					<lines>
						<line number="24" hits="5" branch="false"/>
						<line number="27" hits="5" branch="false"/>
						<line number="29" hits="5" branch="false"/>
						<line number="31" hits="5" branch="false"/>
						<line number="33" hits="5" branch="false"/>
						<line number="44" hits="5" branch="false"/>
						<line number="45" hits="5" branch="false"/>
						<line number="52" hits="20" branch="false"/>
						<line number="53" hits="20" branch="false"/>
						<line number="54" hits="20" branch="false"/>
						<line number="62" hits="20" branch="false"/>
						<line number="72" hits="20" branch="false"/>
						<line number="74" hits="20" branch="true" condition-coverage="100% (2/2)">
							<conditions>
								<condition number="0" type="jump" coverage="100%"/>
							</conditions>
						</line>
						<line number="75" hits="5" branch="false"/>
						<line number="78" hits="15" branch="true" condition-coverage="100% (2/2)">
							<conditions>
								<condition number="0" type="jump" coverage="100%"/>
							</conditions>
						</line>
						<line number="79" hits="5" branch="false"/>
						<line number="82" hits="10" branch="true" condition-coverage="100% (2/2)">
							<conditions>
								<condition number="0" type="jump" coverage="100%"/>
							</conditions>
						</line>
						<line number="83" hits="5" branch="false"/>
						<line number="86" hits="5" branch="false"/>
					</lines>
				</class>
			</classes>
		</package>
		<package name="de.weltraumschaf.commons.token" line-rate="0.7727272727272727" branch-rate="0.7" complexity="1.1388888888888888">
			<classes>
				<class name="de.weltraumschaf.commons.token.Position" filename="de/weltraumschaf/commons/token/Position.java" line-rate="0.95" branch-rate="0.7" complexity="1.625">
					<methods>
						<method name="&lt;init&gt;" signature="(II)V" line-rate="1.0" branch-rate="1.0">
							<lines>
								<line number="48" hits="40" branch="false"/>
								<line number="49" hits="40" branch="false"/>
							</lines>
						</method>
						<method name="&lt;init&gt;" signature="(IILjava/lang/String;)V" line-rate="1.0" branch-rate="1.0">
							<lines>
								<line number="61" hits="75" branch="false"/>
								<line number="62" hits="75" branch="false"/>
								<line number="63" hits="75" branch="false"/>
								<line number="64" hits="75" branch="false"/>
								<line number="65" hits="75" branch="false"/>
							</lines>
						</method>
						<method name="equals" signature="(Ljava/lang/Object;)Z" line-rate="0.75" branch-rate="0.625">
							<lines>
								<line number="120" hits="70" branch="true" condition-coverage="50% (1/2)">
									<conditions>
										<condition number="0" type="jump" coverage="50%"/>
									</conditions>
								</line>
								<line number="121" hits="0" branch="false"/>
								<line number="124" hits="70" branch="false"/>
								<line number="125" hits="70" branch="true" condition-coverage="66% (4/6)">
									<conditions>
										<condition number="0" type="jump" coverage="50%"/>
										<condition number="1" type="jump" coverage="100%"/>
										<condition number="2" type="jump" coverage="50%"/>
									</conditions>
								</line>
							</lines>
						</method>
						<method name="getColumn" signature="()I" line-rate="1.0" branch-rate="1.0">
							<lines>
								<line number="93" hits="10" branch="false"/>
							</lines>
						</method>
						<method name="getFile" signature="()Ljava/lang/String;" line-rate="1.0" branch-rate="1.0">
							<lines>
								<line number="75" hits="15" branch="false"/>
							</lines>
						</method>
						<method name="getLine" signature="()I" line-rate="1.0" branch-rate="1.0">
							<lines>
								<line number="84" hits="10" branch="false"/>
							</lines>
						</method>
						<method name="hashCode" signature="()I" line-rate="1.0" branch-rate="1.0">
							<lines>
								<line number="115" hits="140" branch="false"/>
							</lines>
						</method>
						<method name="toString" signature="()Ljava/lang/String;" line-rate="1.0" branch-rate="1.0">
							<lines>
								<line number="103" hits="10" branch="false"/>
								<line number="105" hits="10" branch="true" condition-coverage="100% (2/2)">
									<conditions>
										<condition number="0" type="jump" coverage="100%"/>
									</conditions>
								</line>
								<line number="106" hits="5" branch="false"/>
								<line number="109" hits="10" branch="false"/>
								<line number="110" hits="10" branch="false"/>
							</lines>
						</method>
					</methods>
					<lines>
						<line number="48" hits="40" branch="false"/>
						<line number="49" hits="40" branch="false"/>
						<line number="61" hits="75" branch="false"/>
						<line number="62" hits="75" branch="false"/>
						<line number="63" hits="75" branch="false"/>
						<line number="64" hits="75" branch="false"/>
						<line number="65" hits="75" branch="false"/>
						<line number="75" hits="15" branch="false"/>
						<line number="84" hits="10" branch="false"/>
						<line number="93" hits="10" branch="false"/>
						<line number="103" hits="10" branch="false"/>
						<line number="105" hits="10" branch="true" condition-coverage="100% (2/2)">
							<conditions>
								<condition number="0" type="jump" coverage="100%"/>
							</conditions>
						</line>
						<line number="106" hits="5" branch="false"/>
						<line number="109" hits="10" branch="false"/>
						<line number="110" hits="10" branch="false"/>
						<line number="115" hits="140" branch="false"/>
						<line number="120" hits="70" branch="true" condition-coverage="50% (1/2)">
							<conditions>
								<condition number="0" type="jump" coverage="50%"/>
							</conditions>
						</line>
						<line number="121" hits="0" branch="false"/>
						<line number="124" hits="70" branch="false"/>
						<line number="125" hits="70" branch="true" condition-coverage="66% (4/6)">
							<conditions>
								<condition number="0" type="jump" coverage="50%"/>
								<condition number="1" type="jump" coverage="100%"/>
								<condition number="2" type="jump" coverage="50%"/>
							</conditions>
						</line>
					</lines>
				</class>
				<class name="de.weltraumschaf.commons.token.Token" filename="de/weltraumschaf/commons/token/Token.java" line-rate="0.8888888888888888" branch-rate="1.0" complexity="1.0">
					<methods>
						<method name="&lt;init&gt;" signature="(Lde/weltraumschaf/commons/token/TokenType;Ljava/lang/Object;Lde/weltraumschaf/commons/token/Position;)V" line-rate="1.0" branch-rate="1.0">
							<lines>
								<line number="47" hits="310" branch="false"/>
								<line number="48" hits="310" branch="false"/>
								<line number="49" hits="310" branch="false"/>
								<line number="50" hits="310" branch="false"/>
								<line number="51" hits="310" branch="false"/>
							</lines>
						</method>
						<method name="getPosition" signature="()Lde/weltraumschaf/commons/token/Position;" line-rate="0.0" branch-rate="1.0">
							<lines>
								<line number="77" hits="0" branch="false"/>
							</lines>
						</method>
						<method name="getType" signature="()Lde/weltraumschaf/commons/token/TokenType;" line-rate="1.0" branch-rate="1.0">
							<lines>
								<line number="59" hits="250" branch="false"/>
							</lines>
						</method>
						<method name="getValue" signature="()Ljava/lang/Object;" line-rate="1.0" branch-rate="1.0">
							<lines>
								<line number="68" hits="300" branch="false"/>
							</lines>
						</method>
						<method name="toString" signature="()Ljava/lang/String;" line-rate="1.0" branch-rate="1.0">
							<lines>
								<line number="82" hits="30" branch="false"/>
							</lines>
						</method>
					</methods>
					<lines>
						<line number="47" hits="310" branch="false"/>
						<line number="48" hits="310" branch="false"/>
						<line number="49" hits="310" branch="false"/>
						<line number="50" hits="310" branch="false"/>
						<line number="51" hits="310" branch="false"/>
						<line number="59" hits="250" branch="false"/>
						<line number="68" hits="300" branch="false"/>
						<line number="77" hits="0" branch="false"/>
						<line number="82" hits="30" branch="false"/>
					</lines>
				</class>
				<class name="de.weltraumschaf.commons.token.TokenType" filename="de/weltraumschaf/commons/token/TokenType.java" line-rate="1.0" branch-rate="1.0" complexity="0.0">
					<methods>
						<method name="&lt;clinit&gt;" signature="()V" line-rate="1.0" branch-rate="1.0">
							<lines>
								<line number="19" hits="60" branch="false"/>
								<line number="26" hits="5" branch="false"/>
								<line number="36" hits="5" branch="false"/>
								<line number="45" hits="5" branch="false"/>
								<line number="51" hits="5" branch="false"/>
								<line number="60" hits="5" branch="false"/>
								<line number="64" hits="5" branch="false"/>
								<line number="68" hits="5" branch="false"/>
								<line number="72" hits="5" branch="false"/>
								<line number="76" hits="5" branch="false"/>
								<line number="80" hits="5" branch="false"/>
								<line number="84" hits="5" branch="false"/>
							</lines>
						</method>
						<method name="&lt;init&gt;" signature="(Ljava/lang/String;I)V" line-rate="1.0" branch-rate="1.0">
							<lines>
							</lines>
						</method>
						<method name="valueOf" signature="(Ljava/lang/String;)Lde/weltraumschaf/commons/token/TokenType;" line-rate="1.0" branch-rate="1.0">
							<lines>
							</lines>
						</method>
						<method name="values" signature="()[Lde/weltraumschaf/commons/token/TokenType;" line-rate="1.0" branch-rate="1.0">
							<lines>
							</lines>
						</method>
					</methods>
					<lines>
						<line number="19" hits="60" branch="false"/>
						<line number="26" hits="5" branch="false"/>
						<line number="36" hits="5" branch="false"/>
						<line number="45" hits="5" branch="false"/>
						<line number="51" hits="5" branch="false"/>
						<line number="60" hits="5" branch="false"/>
						<line number="64" hits="5" branch="false"/>
						<line number="68" hits="5" branch="false"/>
						<line number="72" hits="5" branch="false"/>
						<line number="76" hits="5" branch="false"/>
						<line number="80" hits="5" branch="false"/>
						<line number="84" hits="5" branch="false"/>
					</lines>
				</class>
				<class name="de.weltraumschaf.commons.token.Tokens" filename="de/weltraumschaf/commons/token/Tokens.java" line-rate="0.48" branch-rate="1.0" complexity="1.0">
					<methods>
						<method name="&lt;clinit&gt;" signature="()V" line-rate="1.0" branch-rate="1.0">
							<lines>
								<line number="26" hits="5" branch="false"/>
							</lines>
						</method>
						<method name="&lt;init&gt;" signature="()V" line-rate="0.0" branch-rate="1.0">
							<lines>
								<line number="32" hits="0" branch="false"/>
								<line number="33" hits="0" branch="false"/>
							</lines>
						</method>
						<method name="newBooleanToken" signature="(Ljava/lang/Boolean;)Lde/weltraumschaf/commons/token/Token;" line-rate="1.0" branch-rate="1.0">
							<lines>
								<line number="185" hits="15" branch="false"/>
							</lines>
						</method>
						<method name="newBooleanToken" signature="(Ljava/lang/Boolean;Lde/weltraumschaf/commons/token/Position;)Lde/weltraumschaf/commons/token/Token;" line-rate="1.0" branch-rate="1.0">
							<lines>
								<line number="196" hits="15" branch="false"/>
							</lines>
						</method>
						<method name="newCommentToken" signature="(Ljava/lang/String;)Lde/weltraumschaf/commons/token/Token;" line-rate="0.0" branch-rate="1.0">
							<lines>
								<line number="145" hits="0" branch="false"/>
							</lines>
						</method>
						<method name="newCommentToken" signature="(Ljava/lang/String;Lde/weltraumschaf/commons/token/Position;)Lde/weltraumschaf/commons/token/Token;" line-rate="0.0" branch-rate="1.0">
							<lines>
								<line number="156" hits="0" branch="false"/>
							</lines>
						</method>
						<method name="newEndOfFileToken" signature="()Lde/weltraumschaf/commons/token/Token;" line-rate="0.0" branch-rate="1.0">
							<lines>
								<line number="62" hits="0" branch="false"/>
							</lines>
						</method>
						<method name="newEndOfFileToken" signature="(Lde/weltraumschaf/commons/token/Position;)Lde/weltraumschaf/commons/token/Token;" line-rate="0.0" branch-rate="1.0">
							<lines>
								<line number="72" hits="0" branch="false"/>
							</lines>
						</method>
						<method name="newEndOfLineToken" signature="()Lde/weltraumschaf/commons/token/Token;" line-rate="0.0" branch-rate="1.0">
							<lines>
								<line number="165" hits="0" branch="false"/>
							</lines>
						</method>
						<method name="newEndOfLineToken" signature="(Lde/weltraumschaf/commons/token/Position;)Lde/weltraumschaf/commons/token/Token;" line-rate="0.0" branch-rate="1.0">
							<lines>
								<line number="175" hits="0" branch="false"/>
							</lines>
						</method>
						<method name="newFloatToken" signature="(Ljava/lang/Float;)Lde/weltraumschaf/commons/token/Token;" line-rate="1.0" branch-rate="1.0">
							<lines>
								<line number="124" hits="15" branch="false"/>
							</lines>
						</method>
						<method name="newFloatToken" signature="(Ljava/lang/Float;Lde/weltraumschaf/commons/token/Position;)Lde/weltraumschaf/commons/token/Token;" line-rate="1.0" branch-rate="1.0">
							<lines>
								<line number="135" hits="15" branch="false"/>
							</lines>
						</method>
						<method name="newIntegerToken" signature="(Ljava/lang/Integer;)Lde/weltraumschaf/commons/token/Token;" line-rate="1.0" branch-rate="1.0">
							<lines>
								<line number="103" hits="75" branch="false"/>
							</lines>
						</method>
						<method name="newIntegerToken" signature="(Ljava/lang/Integer;Lde/weltraumschaf/commons/token/Position;)Lde/weltraumschaf/commons/token/Token;" line-rate="1.0" branch-rate="1.0">
							<lines>
								<line number="114" hits="75" branch="false"/>
							</lines>
						</method>
						<method name="newKeywordToken" signature="(Ljava/lang/String;)Lde/weltraumschaf/commons/token/Token;" line-rate="1.0" branch-rate="1.0">
							<lines>
								<line number="82" hits="100" branch="false"/>
							</lines>
						</method>
						<method name="newKeywordToken" signature="(Ljava/lang/String;Lde/weltraumschaf/commons/token/Position;)Lde/weltraumschaf/commons/token/Token;" line-rate="1.0" branch-rate="1.0">
							<lines>
								<line number="93" hits="100" branch="false"/>
							</lines>
						</method>
						<method name="newLiteralToken" signature="(Ljava/lang/String;)Lde/weltraumschaf/commons/token/Token;" line-rate="1.0" branch-rate="1.0">
							<lines>
								<line number="225" hits="65" branch="false"/>
							</lines>
						</method>
						<method name="newLiteralToken" signature="(Ljava/lang/String;Lde/weltraumschaf/commons/token/Position;)Lde/weltraumschaf/commons/token/Token;" line-rate="0.0" branch-rate="1.0">
							<lines>
								<line number="236" hits="0" branch="false"/>
							</lines>
						</method>
						<method name="newNullToken" signature="()Lde/weltraumschaf/commons/token/Token;" line-rate="0.0" branch-rate="1.0">
							<lines>
								<line number="205" hits="0" branch="false"/>
							</lines>
						</method>
						<method name="newNullToken" signature="(Lde/weltraumschaf/commons/token/Position;)Lde/weltraumschaf/commons/token/Token;" line-rate="0.0" branch-rate="1.0">
							<lines>
								<line number="215" hits="0" branch="false"/>
							</lines>
						</method>
						<method name="newOperatorToken" signature="(Ljava/lang/String;)Lde/weltraumschaf/commons/token/Token;" line-rate="0.0" branch-rate="1.0">
							<lines>
								<line number="42" hits="0" branch="false"/>
							</lines>
						</method>
						<method name="newOperatorToken" signature="(Ljava/lang/String;Lde/weltraumschaf/commons/token/Position;)Lde/weltraumschaf/commons/token/Token;" line-rate="0.0" branch-rate="1.0">
							<lines>
								<line number="53" hits="0" branch="false"/>
							</lines>
						</method>
						<method name="newStringToken" signature="(Ljava/lang/String;)Lde/weltraumschaf/commons/token/Token;" line-rate="1.0" branch-rate="1.0">
							<lines>
								<line number="246" hits="40" branch="false"/>
							</lines>
						</method>
						<method name="newStringToken" signature="(Ljava/lang/String;Lde/weltraumschaf/commons/token/Position;)Lde/weltraumschaf/commons/token/Token;" line-rate="1.0" branch-rate="1.0">
							<lines>
								<line number="257" hits="40" branch="false"/>
							</lines>
						</method>
					</methods>
					<lines>
						<line number="26" hits="5" branch="false"/>
						<line number="32" hits="0" branch="false"/>
						<line number="33" hits="0" branch="false"/>
						<line number="42" hits="0" branch="false"/>
						<line number="53" hits="0" branch="false"/>
						<line number="62" hits="0" branch="false"/>
						<line number="72" hits="0" branch="false"/>
						<line number="82" hits="100" branch="false"/>
						<line number="93" hits="100" branch="false"/>
						<line number="103" hits="75" branch="false"/>
						<line number="114" hits="75" branch="false"/>
						<line number="124" hits="15" branch="false"/>
						<line number="135" hits="15" branch="false"/>
						<line number="145" hits="0" branch="false"/>
						<line number="156" hits="0" branch="false"/>
						<line number="165" hits="0" branch="false"/>
						<line number="175" hits="0" branch="false"/>
						<line number="185" hits="15" branch="false"/>
						<line number="196" hits="15" branch="false"/>
						<line number="205" hits="0" branch="false"/>
						<line number="215" hits="0" branch="false"/>
						<line number="225" hits="65" branch="false"/>
						<line number="236" hits="0" branch="false"/>
						<line number="246" hits="40" branch="false"/>
						<line number="257" hits="40" branch="false"/>
					</lines>
				</class>
			</classes>
		</package>
	</packages>
</coverage>
