<?xml version="1.0" encoding="UTF-8" standalone="yes"?><!DOCTYPE report PUBLIC "-//JACOCO//DTD Report 1.0//EN" "report.dtd"><report name="Commons String"><sessioninfo id="ICON170-445cc4e5" start="1430819974826" dump="1430819975525"/><package name="de/weltraumschaf/commons/string"><class name="de/weltraumschaf/commons/string/StringJoiner"><method name="&lt;init&gt;" desc="()V" line="40"><counter type="INSTRUCTION" missed="0" covered="7"/><counter type="LINE" missed="0" covered="2"/><counter type="COMPLEXITY" missed="0" covered="1"/><counter type="METHOD" missed="0" covered="1"/></method><method name="join" desc="([Ljava/lang/Object;)Ljava/lang/String;" line="66"><counter type="INSTRUCTION" missed="0" covered="4"/><counter type="LINE" missed="0" covered="1"/><counter type="COMPLEXITY" missed="0" covered="1"/><counter type="METHOD" missed="0" covered="1"/></method><method name="join" desc="([Ljava/lang/Object;C)Ljava/lang/String;" line="91"><counter type="INSTRUCTION" missed="0" covered="53"/><counter type="BRANCH" missed="0" covered="12"/><counter type="LINE" missed="0" covered="12"/><counter type="COMPLEXITY" missed="0" covered="7"/><counter type="METHOD" missed="0" covered="1"/></method><method name="join" desc="([JC)Ljava/lang/String;" line="135"><counter type="INSTRUCTION" missed="1" covered="53"/><counter type="BRANCH" missed="1" covered="11"/><counter type="LINE" missed="1" covered="11"/><counter type="COMPLEXITY" missed="1" covered="6"/><counter type="METHOD" missed="0" covered="1"/></method><method name="join" desc="([IC)Ljava/lang/String;" line="179"><counter type="INSTRUCTION" missed="1" covered="53"/><counter type="BRANCH" missed="1" covered="11"/><counter type="LINE" missed="1" covered="11"/><counter type="COMPLEXITY" missed="1" covered="6"/><counter type="METHOD" missed="0" covered="1"/></method><method name="join" desc="([SC)Ljava/lang/String;" line="225"><counter type="INSTRUCTION" missed="1" covered="53"/><counter type="BRANCH" missed="1" covered="11"/><counter type="LINE" missed="1" covered="11"/><counter type="COMPLEXITY" missed="1" covered="6"/><counter type="METHOD" missed="0" covered="1"/></method><method name="join" desc="([BC)Ljava/lang/String;" line="269"><counter type="INSTRUCTION" missed="1" covered="53"/><counter type="BRANCH" missed="1" covered="11"/><counter type="LINE" missed="1" covered="11"/><counter type="COMPLEXITY" missed="1" covered="6"/><counter type="METHOD" missed="0" covered="1"/></method><method name="join" desc="([CC)Ljava/lang/String;" line="313"><counter type="INSTRUCTION" missed="1" covered="53"/><counter type="BRANCH" missed="1" covered="11"/><counter type="LINE" missed="1" covered="11"/><counter type="COMPLEXITY" missed="1" covered="6"/><counter type="METHOD" missed="0" covered="1"/></method><method name="join" desc="([FC)Ljava/lang/String;" line="357"><counter type="INSTRUCTION" missed="1" covered="53"/><counter type="BRANCH" missed="1" covered="11"/><counter type="LINE" missed="1" covered="11"/><counter type="COMPLEXITY" missed="1" covered="6"/><counter type="METHOD" missed="0" covered="1"/></method><method name="join" desc="([DC)Ljava/lang/String;" line="402"><counter type="INSTRUCTION" missed="1" covered="53"/><counter type="BRANCH" missed="1" covered="11"/><counter type="LINE" missed="1" covered="11"/><counter type="COMPLEXITY" missed="1" covered="6"/><counter type="METHOD" missed="0" covered="1"/></method><method name="join" desc="([Ljava/lang/Object;Ljava/lang/String;)Ljava/lang/String;" line="448"><counter type="INSTRUCTION" missed="0" covered="53"/><counter type="BRANCH" missed="1" covered="11"/><counter type="LINE" missed="0" covered="12"/><counter type="COMPLEXITY" missed="1" covered="6"/><counter type="METHOD" missed="0" covered="1"/></method><method name="join" desc="(Ljava/util/Iterator;C)Ljava/lang/String;" line="489"><counter type="INSTRUCTION" missed="0" covered="9"/><counter type="BRANCH" missed="0" covered="2"/><counter type="LINE" missed="0" covered="1"/><counter type="COMPLEXITY" missed="0" covered="2"/><counter type="METHOD" missed="0" covered="1"/></method><method name="join" desc="(Ljava/util/Iterator;Ljava/lang/String;)Ljava/lang/String;" line="509"><counter type="INSTRUCTION" missed="3" covered="48"/><counter type="BRANCH" missed="4" covered="10"/><counter type="LINE" missed="1" covered="17"/><counter type="COMPLEXITY" missed="4" covered="4"/><counter type="METHOD" missed="0" covered="1"/></method><method name="join" desc="(Ljava/lang/Iterable;C)Ljava/lang/String;" line="562"><counter type="INSTRUCTION" missed="0" covered="9"/><counter type="BRANCH" missed="0" covered="2"/><counter type="LINE" missed="0" covered="3"/><counter type="COMPLEXITY" missed="0" covered="2"/><counter type="METHOD" missed="0" covered="1"/></method><method name="join" desc="(Ljava/lang/Iterable;Ljava/lang/String;)Ljava/lang/String;" line="585"><counter type="INSTRUCTION" missed="0" covered="9"/><counter type="BRANCH" missed="0" covered="2"/><counter type="LINE" missed="0" covered="3"/><counter type="COMPLEXITY" missed="0" covered="2"/><counter type="METHOD" missed="0" covered="1"/></method><counter type="INSTRUCTION" missed="10" covered="563"/><counter type="BRANCH" missed="12" covered="116"/><counter type="LINE" missed="8" covered="128"/><counter type="COMPLEXITY" missed="12" covered="67"/><counter type="METHOD" missed="0" covered="15"/><counter type="CLASS" missed="0" covered="1"/></class><class name="de/weltraumschaf/commons/string/Strings"><method name="&lt;init&gt;" desc="()V" line="28"><counter type="INSTRUCTION" missed="0" covered="7"/><counter type="LINE" missed="0" covered="2"/><counter type="COMPLEXITY" missed="0" covered="1"/><counter type="METHOD" missed="0" covered="1"/></method><method name="nullAwareTrim" desc="(Ljava/lang/String;)Ljava/lang/String;" line="39"><counter type="INSTRUCTION" missed="0" covered="8"/><counter type="BRANCH" missed="0" covered="2"/><counter type="LINE" missed="0" covered="1"/><counter type="COMPLEXITY" missed="0" covered="2"/><counter type="METHOD" missed="0" covered="1"/></method><counter type="INSTRUCTION" missed="0" covered="15"/><counter type="BRANCH" missed="0" covered="2"/><counter type="LINE" missed="0" covered="3"/><counter type="COMPLEXITY" missed="0" covered="3"/><counter type="METHOD" missed="0" covered="2"/><counter type="CLASS" missed="0" covered="1"/></class><class name="de/weltraumschaf/commons/string/StringEscape"><method name="&lt;init&gt;" desc="()V" line="29"><counter type="INSTRUCTION" missed="0" covered="7"/><counter type="LINE" missed="0" covered="2"/><counter type="COMPLEXITY" missed="0" covered="1"/><counter type="METHOD" missed="0" covered="1"/></method><method name="escapeXml" desc="(Ljava/lang/String;)Ljava/lang/String;" line="42"><counter type="INSTRUCTION" missed="0" covered="20"/><counter type="LINE" missed="0" covered="1"/><counter type="COMPLEXITY" missed="0" covered="1"/><counter type="METHOD" missed="0" covered="1"/></method><method name="escapeFileName" desc="(Ljava/lang/String;)Ljava/lang/String;" line="67"><counter type="INSTRUCTION" missed="0" covered="16"/><counter type="LINE" missed="0" covered="1"/><counter type="COMPLEXITY" missed="0" covered="1"/><counter type="METHOD" missed="0" covered="1"/></method><counter type="INSTRUCTION" missed="0" covered="43"/><counter type="LINE" missed="0" covered="4"/><counter type="COMPLEXITY" missed="0" covered="3"/><counter type="METHOD" missed="0" covered="3"/><counter type="CLASS" missed="0" covered="1"/></class><sourcefile name="StringJoiner.java"><line nr="40" mi="0" ci="2" mb="0" cb="0"/><line nr="41" mi="0" ci="5" mb="0" cb="0"/><line nr="66" mi="0" ci="4" mb="0" cb="0"/><line nr="91" mi="0" ci="5" mb="0" cb="4"/><line nr="92" mi="0" ci="2" mb="0" cb="0"/><line nr="96" mi="0" ci="8" mb="0" cb="0"/><line nr="97" mi="0" ci="2" mb="0" cb="0"/><line nr="99" mi="0" ci="16" mb="0" cb="2"/><line nr="100" mi="0" ci="2" mb="0" cb="2"/><line nr="101" mi="0" ci="1" mb="0" cb="0"/><line nr="104" mi="0" ci="4" mb="0" cb="4"/><line nr="105" mi="0" ci="4" mb="0" cb="0"/><line nr="108" mi="0" ci="4" mb="0" cb="0"/><line nr="109" mi="0" ci="2" mb="0" cb="0"/><line nr="112" mi="0" ci="3" mb="0" cb="0"/><line nr="135" mi="0" ci="5" mb="0" cb="4"/><line nr="136" mi="0" ci="2" mb="0" cb="0"/><line nr="140" mi="0" ci="8" mb="0" cb="0"/><line nr="141" mi="0" ci="2" mb="0" cb="0"/><line nr="143" mi="0" ci="17" mb="0" cb="2"/><line nr="144" mi="0" ci="2" mb="1" cb="1"/><line nr="145" mi="1" ci="0" mb="0" cb="0"/><line nr="148" mi="0" ci="4" mb="0" cb="4"/><line nr="149" mi="0" ci="4" mb="0" cb="0"/><line nr="152" mi="0" ci="4" mb="0" cb="0"/><line nr="153" mi="0" ci="2" mb="0" cb="0"/><line nr="156" mi="0" ci="3" mb="0" cb="0"/><line nr="179" mi="0" ci="5" mb="0" cb="4"/><line nr="180" mi="0" ci="2" mb="0" cb="0"/><line nr="184" mi="0" ci="8" mb="0" cb="0"/><line nr="185" mi="0" ci="2" mb="0" cb="0"/><line nr="187" mi="0" ci="17" mb="0" cb="2"/><line nr="188" mi="0" ci="2" mb="1" cb="1"/><line nr="189" mi="1" ci="0" mb="0" cb="0"/><line nr="192" mi="0" ci="4" mb="0" cb="4"/><line nr="193" mi="0" ci="4" mb="0" cb="0"/><line nr="196" mi="0" ci="4" mb="0" cb="0"/><line nr="197" mi="0" ci="2" mb="0" cb="0"/><line nr="200" mi="0" ci="3" mb="0" cb="0"/><line nr="225" mi="0" ci="5" mb="0" cb="4"/><line nr="226" mi="0" ci="2" mb="0" cb="0"/><line nr="230" mi="0" ci="8" mb="0" cb="0"/><line nr="231" mi="0" ci="2" mb="0" cb="0"/><line nr="233" mi="0" ci="17" mb="0" cb="2"/><line nr="234" mi="0" ci="2" mb="1" cb="1"/><line nr="235" mi="1" ci="0" mb="0" cb="0"/><line nr="238" mi="0" ci="4" mb="0" cb="4"/><line nr="239" mi="0" ci="4" mb="0" cb="0"/><line nr="242" mi="0" ci="4" mb="0" cb="0"/><line nr="243" mi="0" ci="2" mb="0" cb="0"/><line nr="246" mi="0" ci="3" mb="0" cb="0"/><line nr="269" mi="0" ci="5" mb="0" cb="4"/><line nr="270" mi="0" ci="2" mb="0" cb="0"/><line nr="274" mi="0" ci="8" mb="0" cb="0"/><line nr="275" mi="0" ci="2" mb="0" cb="0"/><line nr="277" mi="0" ci="17" mb="0" cb="2"/><line nr="278" mi="0" ci="2" mb="1" cb="1"/><line nr="279" mi="1" ci="0" mb="0" cb="0"/><line nr="282" mi="0" ci="4" mb="0" cb="4"/><line nr="283" mi="0" ci="4" mb="0" cb="0"/><line nr="286" mi="0" ci="4" mb="0" cb="0"/><line nr="287" mi="0" ci="2" mb="0" cb="0"/><line nr="290" mi="0" ci="3" mb="0" cb="0"/><line nr="313" mi="0" ci="5" mb="0" cb="4"/><line nr="314" mi="0" ci="2" mb="0" cb="0"/><line nr="318" mi="0" ci="8" mb="0" cb="0"/><line nr="319" mi="0" ci="2" mb="0" cb="0"/><line nr="321" mi="0" ci="17" mb="0" cb="2"/><line nr="322" mi="0" ci="2" mb="1" cb="1"/><line nr="323" mi="1" ci="0" mb="0" cb="0"/><line nr="326" mi="0" ci="4" mb="0" cb="4"/><line nr="327" mi="0" ci="4" mb="0" cb="0"/><line nr="330" mi="0" ci="4" mb="0" cb="0"/><line nr="331" mi="0" ci="2" mb="0" cb="0"/><line nr="334" mi="0" ci="3" mb="0" cb="0"/><line nr="357" mi="0" ci="5" mb="0" cb="4"/><line nr="358" mi="0" ci="2" mb="0" cb="0"/><line nr="362" mi="0" ci="8" mb="0" cb="0"/><line nr="363" mi="0" ci="2" mb="0" cb="0"/><line nr="365" mi="0" ci="17" mb="0" cb="2"/><line nr="366" mi="0" ci="2" mb="1" cb="1"/><line nr="367" mi="1" ci="0" mb="0" cb="0"/><line nr="370" mi="0" ci="4" mb="0" cb="4"/><line nr="371" mi="0" ci="4" mb="0" cb="0"/><line nr="374" mi="0" ci="4" mb="0" cb="0"/><line nr="375" mi="0" ci="2" mb="0" cb="0"/><line nr="378" mi="0" ci="3" mb="0" cb="0"/><line nr="402" mi="0" ci="5" mb="0" cb="4"/><line nr="403" mi="0" ci="2" mb="0" cb="0"/><line nr="407" mi="0" ci="8" mb="0" cb="0"/><line nr="408" mi="0" ci="2" mb="0" cb="0"/><line nr="410" mi="0" ci="17" mb="0" cb="2"/><line nr="411" mi="0" ci="2" mb="1" cb="1"/><line nr="412" mi="1" ci="0" mb="0" cb="0"/><line nr="415" mi="0" ci="4" mb="0" cb="4"/><line nr="416" mi="0" ci="4" mb="0" cb="0"/><line nr="419" mi="0" ci="4" mb="0" cb="0"/><line nr="420" mi="0" ci="2" mb="0" cb="0"/><line nr="423" mi="0" ci="3" mb="0" cb="0"/><line nr="448" mi="0" ci="5" mb="0" cb="4"/><line nr="449" mi="0" ci="2" mb="0" cb="0"/><line nr="453" mi="0" ci="8" mb="0" cb="0"/><line nr="454" mi="0" ci="2" mb="0" cb="0"/><line nr="456" mi="0" ci="16" mb="0" cb="2"/><line nr="457" mi="0" ci="2" mb="0" cb="2"/><line nr="458" mi="0" ci="1" mb="0" cb="0"/><line nr="461" mi="0" ci="4" mb="1" cb="3"/><line nr="462" mi="0" ci="4" mb="0" cb="0"/><line nr="465" mi="0" ci="4" mb="0" cb="0"/><line nr="466" mi="0" ci="2" mb="0" cb="0"/><line nr="469" mi="0" ci="3" mb="0" cb="0"/><line nr="489" mi="0" ci="9" mb="0" cb="2"/><line nr="509" mi="0" ci="2" mb="0" cb="2"/><line nr="510" mi="0" ci="2" mb="0" cb="0"/><line nr="513" mi="0" ci="3" mb="0" cb="2"/><line nr="514" mi="0" ci="2" mb="0" cb="0"/><line nr="517" mi="0" ci="3" mb="0" cb="0"/><line nr="519" mi="0" ci="3" mb="1" cb="1"/><line nr="520" mi="3" ci="0" mb="0" cb="0"/><line nr="524" mi="0" ci="5" mb="0" cb="0"/><line nr="526" mi="0" ci="2" mb="1" cb="1"/><line nr="527" mi="0" ci="4" mb="0" cb="0"/><line nr="530" mi="0" ci="3" mb="0" cb="2"/><line nr="531" mi="0" ci="2" mb="1" cb="1"/><line nr="532" mi="0" ci="4" mb="0" cb="0"/><line nr="535" mi="0" ci="3" mb="0" cb="0"/><line nr="537" mi="0" ci="2" mb="1" cb="1"/><line nr="538" mi="0" ci="4" mb="0" cb="0"/><line nr="540" mi="0" ci="1" mb="0" cb="0"/><line nr="542" mi="0" ci="3" mb="0" cb="0"/><line nr="562" mi="0" ci="2" mb="0" cb="2"/><line nr="563" mi="0" ci="2" mb="0" cb="0"/><line nr="566" mi="0" ci="5" mb="0" cb="0"/><line nr="585" mi="0" ci="2" mb="0" cb="2"/><line nr="586" mi="0" ci="2" mb="0" cb="0"/><line nr="589" mi="0" ci="5" mb="0" cb="0"/><counter type="INSTRUCTION" missed="10" covered="563"/><counter type="BRANCH" missed="12" covered="116"/><counter type="LINE" missed="8" covered="128"/><counter type="COMPLEXITY" missed="12" covered="67"/><counter type="METHOD" missed="0" covered="15"/><counter type="CLASS" missed="0" covered="1"/></sourcefile><sourcefile name="StringEscape.java"><line nr="29" mi="0" ci="2" mb="0" cb="0"/><line nr="30" mi="0" ci="5" mb="0" cb="0"/><line nr="42" mi="0" ci="20" mb="0" cb="0"/><line nr="67" mi="0" ci="16" mb="0" cb="0"/><counter type="INSTRUCTION" missed="0" covered="43"/><counter type="LINE" missed="0" covered="4"/><counter type="COMPLEXITY" missed="0" covered="3"/><counter type="METHOD" missed="0" covered="3"/><counter type="CLASS" missed="0" covered="1"/></sourcefile><sourcefile name="Strings.java"><line nr="28" mi="0" ci="2" mb="0" cb="0"/><line nr="29" mi="0" ci="5" mb="0" cb="0"/><line nr="39" mi="0" ci="8" mb="0" cb="2"/><counter type="INSTRUCTION" missed="0" covered="15"/><counter type="BRANCH" missed="0" covered="2"/><counter type="LINE" missed="0" covered="3"/><counter type="COMPLEXITY" missed="0" covered="3"/><counter type="METHOD" missed="0" covered="2"/><counter type="CLASS" missed="0" covered="1"/></sourcefile><counter type="INSTRUCTION" missed="10" covered="621"/><counter type="BRANCH" missed="12" covered="118"/><counter type="LINE" missed="8" covered="135"/><counter type="COMPLEXITY" missed="12" covered="73"/><counter type="METHOD" missed="0" covered="20"/><counter type="CLASS" missed="0" covered="3"/></package><counter type="INSTRUCTION" missed="10" covered="621"/><counter type="BRANCH" missed="12" covered="118"/><counter type="LINE" missed="8" covered="135"/><counter type="COMPLEXITY" missed="12" covered="73"/><counter type="METHOD" missed="0" covered="20"/><counter type="CLASS" missed="0" covered="3"/></report>