<?xml version="1.0" encoding="UTF-8" standalone="yes"?><!DOCTYPE report PUBLIC "-//JACOCO//DTD Report 1.0//EN" "report.dtd"><report name="Commons Guava"><sessioninfo id="ICON170-9736c16a" start="1430819944807" dump="1430819945558"/><package name="de/weltraumschaf/commons/guava"><class name="de/weltraumschaf/commons/guava/Sets"><method name="&lt;init&gt;" desc="()V" line="51"><counter type="INSTRUCTION" missed="0" covered="7"/><counter type="LINE" missed="0" covered="2"/><counter type="COMPLEXITY" missed="0" covered="1"/><counter type="METHOD" missed="0" covered="1"/></method><method name="capacity" desc="(I)I" line="63"><counter type="INSTRUCTION" missed="0" covered="25"/><counter type="BRANCH" missed="0" covered="6"/><counter type="LINE" missed="0" covered="7"/><counter type="COMPLEXITY" missed="0" covered="4"/><counter type="METHOD" missed="0" covered="1"/></method><method name="newHashSet" desc="()Ljava/util/Set;" line="85"><counter type="INSTRUCTION" missed="4" covered="0"/><counter type="LINE" missed="1" covered="0"/><counter type="COMPLEXITY" missed="1" covered="0"/><counter type="METHOD" missed="1" covered="0"/></method><method name="newHashSet" desc="([Ljava/lang/Object;)Ljava/util/Set;" line="97"><counter type="INSTRUCTION" missed="0" covered="10"/><counter type="LINE" missed="0" covered="3"/><counter type="COMPLEXITY" missed="0" covered="1"/><counter type="METHOD" missed="0" covered="1"/></method><method name="newHashSetWithExpectedSize" desc="(I)Ljava/util/Set;" line="118"><counter type="INSTRUCTION" missed="0" covered="6"/><counter type="LINE" missed="0" covered="1"/><counter type="COMPLEXITY" missed="0" covered="1"/><counter type="METHOD" missed="0" covered="1"/></method><method name="newTreeSet" desc="()Ljava/util/SortedSet;" line="128"><counter type="INSTRUCTION" missed="4" covered="0"/><counter type="LINE" missed="1" covered="0"/><counter type="COMPLEXITY" missed="1" covered="0"/><counter type="METHOD" missed="1" covered="0"/></method><method name="newIdentityHashSet" desc="()Ljava/util/Set;" line="142"><counter type="INSTRUCTION" missed="3" covered="0"/><counter type="LINE" missed="1" covered="0"/><counter type="COMPLEXITY" missed="1" covered="0"/><counter type="METHOD" missed="1" covered="0"/></method><method name="newSetFromMap" desc="(Ljava/util/Map;)Ljava/util/Set;" line="175"><counter type="INSTRUCTION" missed="5" covered="0"/><counter type="LINE" missed="1" covered="0"/><counter type="COMPLEXITY" missed="1" covered="0"/><counter type="METHOD" missed="1" covered="0"/></method><method name="checkArgument" desc="(ZLjava/lang/Object;)V" line="188"><counter type="INSTRUCTION" missed="9" covered="0"/><counter type="BRANCH" missed="2" covered="0"/><counter type="LINE" missed="3" covered="0"/><counter type="COMPLEXITY" missed="2" covered="0"/><counter type="METHOD" missed="1" covered="0"/></method><counter type="INSTRUCTION" missed="25" covered="48"/><counter type="BRANCH" missed="2" covered="6"/><counter type="LINE" missed="7" covered="13"/><counter type="COMPLEXITY" missed="6" covered="7"/><counter type="METHOD" missed="5" covered="4"/><counter type="CLASS" missed="0" covered="1"/></class><class name="de/weltraumschaf/commons/guava/Objects"><method name="&lt;init&gt;" desc="()V" line="39"><counter type="INSTRUCTION" missed="0" covered="7"/><counter type="LINE" missed="0" covered="2"/><counter type="COMPLEXITY" missed="0" covered="1"/><counter type="METHOD" missed="0" covered="1"/></method><method name="equal" desc="(Ljava/lang/Object;Ljava/lang/Object;)Z" line="61"><counter type="INSTRUCTION" missed="0" covered="13"/><counter type="BRANCH" missed="1" covered="5"/><counter type="LINE" missed="0" covered="1"/><counter type="COMPLEXITY" missed="1" covered="3"/><counter type="METHOD" missed="0" covered="1"/></method><method name="hashCode" desc="([Ljava/lang/Object;)I" line="87"><counter type="INSTRUCTION" missed="0" covered="3"/><counter type="LINE" missed="0" covered="1"/><counter type="COMPLEXITY" missed="0" covered="1"/><counter type="METHOD" missed="0" covered="1"/></method><method name="firstNonNull" desc="(Ljava/lang/Object;Ljava/lang/Object;)Ljava/lang/Object;" line="108"><counter type="INSTRUCTION" missed="7" covered="0"/><counter type="BRANCH" missed="2" covered="0"/><counter type="LINE" missed="1" covered="0"/><counter type="COMPLEXITY" missed="2" covered="0"/><counter type="METHOD" missed="1" covered="0"/></method><method name="toStringHelper" desc="(Ljava/lang/Object;)Lde/weltraumschaf/commons/guava/Objects$ToStringHelper;" line="155"><counter type="INSTRUCTION" missed="0" covered="8"/><counter type="LINE" missed="0" covered="1"/><counter type="COMPLEXITY" missed="0" covered="1"/><counter type="METHOD" missed="0" covered="1"/></method><method name="toStringHelper" desc="(Ljava/lang/Class;)Lde/weltraumschaf/commons/guava/Objects$ToStringHelper;" line="171"><counter type="INSTRUCTION" missed="0" covered="7"/><counter type="LINE" missed="0" covered="1"/><counter type="COMPLEXITY" missed="0" covered="1"/><counter type="METHOD" missed="0" covered="1"/></method><method name="toStringHelper" desc="(Ljava/lang/String;)Lde/weltraumschaf/commons/guava/Objects$ToStringHelper;" line="183"><counter type="INSTRUCTION" missed="0" covered="6"/><counter type="LINE" missed="0" covered="1"/><counter type="COMPLEXITY" missed="0" covered="1"/><counter type="METHOD" missed="0" covered="1"/></method><method name="simpleName" desc="(Ljava/lang/Class;)Ljava/lang/String;" line="193"><counter type="INSTRUCTION" missed="0" covered="25"/><counter type="BRANCH" missed="1" covered="1"/><counter type="LINE" missed="0" covered="6"/><counter type="COMPLEXITY" missed="1" covered="1"/><counter type="METHOD" missed="0" covered="1"/></method><counter type="INSTRUCTION" missed="7" covered="69"/><counter type="BRANCH" missed="4" covered="6"/><counter type="LINE" missed="1" covered="13"/><counter type="COMPLEXITY" missed="4" covered="9"/><counter type="METHOD" missed="1" covered="7"/><counter type="CLASS" missed="0" covered="1"/></class><class name="de/weltraumschaf/commons/guava/Maps"><method name="&lt;init&gt;" desc="()V" line="38"><counter type="INSTRUCTION" missed="0" covered="7"/><counter type="LINE" missed="0" covered="2"/><counter type="COMPLEXITY" missed="0" covered="1"/><counter type="METHOD" missed="0" covered="1"/></method><method name="newHashMap" desc="()Ljava/util/Map;" line="50"><counter type="INSTRUCTION" missed="0" covered="4"/><counter type="LINE" missed="0" covered="1"/><counter type="COMPLEXITY" missed="0" covered="1"/><counter type="METHOD" missed="0" covered="1"/></method><method name="newHashMap" desc="(Ljava/util/Map;)Ljava/util/Map;" line="63"><counter type="INSTRUCTION" missed="0" covered="5"/><counter type="LINE" missed="0" covered="1"/><counter type="COMPLEXITY" missed="0" covered="1"/><counter type="METHOD" missed="0" covered="1"/></method><method name="newIdentityHashMap" desc="()Ljava/util/IdentityHashMap;" line="74"><counter type="INSTRUCTION" missed="4" covered="0"/><counter type="LINE" missed="1" covered="0"/><counter type="COMPLEXITY" missed="1" covered="0"/><counter type="METHOD" missed="1" covered="0"/></method><counter type="INSTRUCTION" missed="4" covered="16"/><counter type="LINE" missed="1" covered="4"/><counter type="COMPLEXITY" missed="1" covered="3"/><counter type="METHOD" missed="1" covered="3"/><counter type="CLASS" missed="0" covered="1"/></class><class name="de/weltraumschaf/commons/guava/Objects$ToStringHelper$ValueHolder"><method name="&lt;init&gt;" desc="()V" line="532"><counter type="INSTRUCTION" missed="0" covered="3"/><counter type="LINE" missed="0" covered="1"/><counter type="COMPLEXITY" missed="0" covered="1"/><counter type="METHOD" missed="0" covered="1"/></method><counter type="INSTRUCTION" missed="0" covered="3"/><counter type="LINE" missed="0" covered="1"/><counter type="COMPLEXITY" missed="0" covered="1"/><counter type="METHOD" missed="0" covered="1"/><counter type="CLASS" missed="0" covered="1"/></class><class name="de/weltraumschaf/commons/guava/Lists"><method name="&lt;init&gt;" desc="()V" line="38"><counter type="INSTRUCTION" missed="0" covered="7"/><counter type="LINE" missed="0" covered="2"/><counter type="COMPLEXITY" missed="0" covered="1"/><counter type="METHOD" missed="0" covered="1"/></method><method name="newArrayList" desc="()Ljava/util/List;" line="49"><counter type="INSTRUCTION" missed="0" covered="4"/><counter type="LINE" missed="0" covered="1"/><counter type="COMPLEXITY" missed="0" covered="1"/><counter type="METHOD" missed="0" covered="1"/></method><method name="cast" desc="(Ljava/lang/Iterable;)Ljava/util/Collection;" line="60"><counter type="INSTRUCTION" missed="3" covered="0"/><counter type="LINE" missed="1" covered="0"/><counter type="COMPLEXITY" missed="1" covered="0"/><counter type="METHOD" missed="1" covered="0"/></method><method name="newArrayList" desc="(Ljava/lang/Iterable;)Ljava/util/List;" line="71"><counter type="INSTRUCTION" missed="13" covered="6"/><counter type="BRANCH" missed="3" covered="1"/><counter type="LINE" missed="3" covered="2"/><counter type="COMPLEXITY" missed="2" covered="1"/><counter type="METHOD" missed="0" covered="1"/></method><method name="newArrayList" desc="(Ljava/util/Iterator;)Ljava/util/List;" line="91"><counter type="INSTRUCTION" missed="0" covered="8"/><counter type="LINE" missed="0" covered="3"/><counter type="COMPLEXITY" missed="0" covered="1"/><counter type="METHOD" missed="0" covered="1"/></method><method name="newArrayList" desc="([Ljava/lang/Object;)Ljava/util/List;" line="105"><counter type="INSTRUCTION" missed="0" covered="24"/><counter type="BRANCH" missed="0" covered="2"/><counter type="LINE" missed="0" covered="4"/><counter type="COMPLEXITY" missed="0" covered="2"/><counter type="METHOD" missed="0" covered="1"/></method><counter type="INSTRUCTION" missed="16" covered="49"/><counter type="BRANCH" missed="3" covered="3"/><counter type="LINE" missed="4" covered="12"/><counter type="COMPLEXITY" missed="3" covered="6"/><counter type="METHOD" missed="1" covered="5"/><counter type="CLASS" missed="0" covered="1"/></class><class name="de/weltraumschaf/commons/guava/Sets$SetFromMap"><method name="&lt;init&gt;" desc="(Ljava/util/Map;)V" line="198"><counter type="INSTRUCTION" missed="14" covered="0"/><counter type="LINE" missed="5" covered="0"/><counter type="COMPLEXITY" missed="1" covered="0"/><counter type="METHOD" missed="1" covered="0"/></method><method name="clear" desc="()V" line="206"><counter type="INSTRUCTION" missed="4" covered="0"/><counter type="LINE" missed="2" covered="0"/><counter type="COMPLEXITY" missed="1" covered="0"/><counter type="METHOD" missed="1" covered="0"/></method><method name="size" desc="()I" line="211"><counter type="INSTRUCTION" missed="4" covered="0"/><counter type="LINE" missed="1" covered="0"/><counter type="COMPLEXITY" missed="1" covered="0"/><counter type="METHOD" missed="1" covered="0"/></method><method name="isEmpty" desc="()Z" line="216"><counter type="INSTRUCTION" missed="4" covered="0"/><counter type="LINE" missed="1" covered="0"/><counter type="COMPLEXITY" missed="1" covered="0"/><counter type="METHOD" missed="1" covered="0"/></method><method name="contains" desc="(Ljava/lang/Object;)Z" line="221"><counter type="INSTRUCTION" missed="5" covered="0"/><counter type="LINE" missed="1" covered="0"/><counter type="COMPLEXITY" missed="1" covered="0"/><counter type="METHOD" missed="1" covered="0"/></method><method name="remove" desc="(Ljava/lang/Object;)Z" line="226"><counter type="INSTRUCTION" missed="9" covered="0"/><counter type="BRANCH" missed="2" covered="0"/><counter type="LINE" missed="1" covered="0"/><counter type="COMPLEXITY" missed="2" covered="0"/><counter type="METHOD" missed="1" covered="0"/></method><method name="add" desc="(Ljava/lang/Object;)Z" line="231"><counter type="INSTRUCTION" missed="10" covered="0"/><counter type="BRANCH" missed="2" covered="0"/><counter type="LINE" missed="1" covered="0"/><counter type="COMPLEXITY" missed="2" covered="0"/><counter type="METHOD" missed="1" covered="0"/></method><method name="iterator" desc="()Ljava/util/Iterator;" line="236"><counter type="INSTRUCTION" missed="4" covered="0"/><counter type="LINE" missed="1" covered="0"/><counter type="COMPLEXITY" missed="1" covered="0"/><counter type="METHOD" missed="1" covered="0"/></method><method name="toArray" desc="()[Ljava/lang/Object;" line="241"><counter type="INSTRUCTION" missed="4" covered="0"/><counter type="LINE" missed="1" covered="0"/><counter type="COMPLEXITY" missed="1" covered="0"/><counter type="METHOD" missed="1" covered="0"/></method><method name="toArray" desc="([Ljava/lang/Object;)[Ljava/lang/Object;" line="246"><counter type="INSTRUCTION" missed="5" covered="0"/><counter type="LINE" missed="1" covered="0"/><counter type="COMPLEXITY" missed="1" covered="0"/><counter type="METHOD" missed="1" covered="0"/></method><method name="toString" desc="()Ljava/lang/String;" line="251"><counter type="INSTRUCTION" missed="4" covered="0"/><counter type="LINE" missed="1" covered="0"/><counter type="COMPLEXITY" missed="1" covered="0"/><counter type="METHOD" missed="1" covered="0"/></method><method name="hashCode" desc="()I" line="256"><counter type="INSTRUCTION" missed="4" covered="0"/><counter type="LINE" missed="1" covered="0"/><counter type="COMPLEXITY" missed="1" covered="0"/><counter type="METHOD" missed="1" covered="0"/></method><method name="equals" desc="(Ljava/lang/Object;)Z" line="261"><counter type="INSTRUCTION" missed="12" covered="0"/><counter type="BRANCH" missed="4" covered="0"/><counter type="LINE" missed="1" covered="0"/><counter type="COMPLEXITY" missed="3" covered="0"/><counter type="METHOD" missed="1" covered="0"/></method><method name="containsAll" desc="(Ljava/util/Collection;)Z" line="266"><counter type="INSTRUCTION" missed="5" covered="0"/><counter type="LINE" missed="1" covered="0"/><counter type="COMPLEXITY" missed="1" covered="0"/><counter type="METHOD" missed="1" covered="0"/></method><method name="removeAll" desc="(Ljava/util/Collection;)Z" line="271"><counter type="INSTRUCTION" missed="5" covered="0"/><counter type="LINE" missed="1" covered="0"/><counter type="COMPLEXITY" missed="1" covered="0"/><counter type="METHOD" missed="1" covered="0"/></method><method name="retainAll" desc="(Ljava/util/Collection;)Z" line="276"><counter type="INSTRUCTION" missed="5" covered="0"/><counter type="LINE" missed="1" covered="0"/><counter type="COMPLEXITY" missed="1" covered="0"/><counter type="METHOD" missed="1" covered="0"/></method><method name="readObject" desc="(Ljava/io/ObjectInputStream;)V" line="284"><counter type="INSTRUCTION" missed="8" covered="0"/><counter type="LINE" missed="3" covered="0"/><counter type="COMPLEXITY" missed="1" covered="0"/><counter type="METHOD" missed="1" covered="0"/></method><counter type="INSTRUCTION" missed="106" covered="0"/><counter type="BRANCH" missed="8" covered="0"/><counter type="LINE" missed="24" covered="0"/><counter type="COMPLEXITY" missed="21" covered="0"/><counter type="METHOD" missed="17" covered="0"/><counter type="CLASS" missed="1" covered="0"/></class><class name="de/weltraumschaf/commons/guava/Objects$ToStringHelper"><method name="&lt;init&gt;" desc="(Ljava/lang/String;)V" line="231"><counter type="INSTRUCTION" missed="0" covered="19"/><counter type="LINE" missed="0" covered="5"/><counter type="COMPLEXITY" missed="0" covered="1"/><counter type="METHOD" missed="0" covered="1"/></method><method name="omitNullValues" desc="()Lde/weltraumschaf/commons/guava/Objects$ToStringHelper;" line="260"><counter type="INSTRUCTION" missed="0" covered="5"/><counter type="LINE" missed="0" covered="2"/><counter type="COMPLEXITY" missed="0" covered="1"/><counter type="METHOD" missed="0" covered="1"/></method><method name="add" desc="(Ljava/lang/String;Ljava/lang/Object;)Lde/weltraumschaf/commons/guava/Objects$ToStringHelper;" line="275"><counter type="INSTRUCTION" missed="0" covered="5"/><counter type="LINE" missed="0" covered="1"/><counter type="COMPLEXITY" missed="0" covered="1"/><counter type="METHOD" missed="0" covered="1"/></method><method name="add" desc="(Ljava/lang/String;Z)Lde/weltraumschaf/commons/guava/Objects$ToStringHelper;" line="287"><counter type="INSTRUCTION" missed="0" covered="6"/><counter type="LINE" missed="0" covered="1"/><counter type="COMPLEXITY" missed="0" covered="1"/><counter type="METHOD" missed="0" covered="1"/></method><method name="add" desc="(Ljava/lang/String;C)Lde/weltraumschaf/commons/guava/Objects$ToStringHelper;" line="299"><counter type="INSTRUCTION" missed="0" covered="6"/><counter type="LINE" missed="0" covered="1"/><counter type="COMPLEXITY" missed="0" covered="1"/><counter type="METHOD" missed="0" covered="1"/></method><method name="add" desc="(Ljava/lang/String;D)Lde/weltraumschaf/commons/guava/Objects$ToStringHelper;" line="311"><counter type="INSTRUCTION" missed="0" covered="6"/><counter type="LINE" missed="0" covered="1"/><counter type="COMPLEXITY" missed="0" covered="1"/><counter type="METHOD" missed="0" covered="1"/></method><method name="add" desc="(Ljava/lang/String;F)Lde/weltraumschaf/commons/guava/Objects$ToStringHelper;" line="323"><counter type="INSTRUCTION" missed="0" covered="6"/><counter type="LINE" missed="0" covered="1"/><counter type="COMPLEXITY" missed="0" covered="1"/><counter type="METHOD" missed="0" covered="1"/></method><method name="add" desc="(Ljava/lang/String;I)Lde/weltraumschaf/commons/guava/Objects$ToStringHelper;" line="335"><counter type="INSTRUCTION" missed="0" covered="6"/><counter type="LINE" missed="0" covered="1"/><counter type="COMPLEXITY" missed="0" covered="1"/><counter type="METHOD" missed="0" covered="1"/></method><method name="add" desc="(Ljava/lang/String;J)Lde/weltraumschaf/commons/guava/Objects$ToStringHelper;" line="347"><counter type="INSTRUCTION" missed="0" covered="6"/><counter type="LINE" missed="0" covered="1"/><counter type="COMPLEXITY" missed="0" covered="1"/><counter type="METHOD" missed="0" covered="1"/></method><method name="addValue" desc="(Ljava/lang/Object;)Lde/weltraumschaf/commons/guava/Objects$ToStringHelper;" line="361"><counter type="INSTRUCTION" missed="0" covered="4"/><counter type="LINE" missed="0" covered="1"/><counter type="COMPLEXITY" missed="0" covered="1"/><counter type="METHOD" missed="0" covered="1"/></method><method name="addValue" desc="(Z)Lde/weltraumschaf/commons/guava/Objects$ToStringHelper;" line="376"><counter type="INSTRUCTION" missed="0" covered="5"/><counter type="LINE" missed="0" covered="1"/><counter type="COMPLEXITY" missed="0" covered="1"/><counter type="METHOD" missed="0" covered="1"/></method><method name="addValue" desc="(C)Lde/weltraumschaf/commons/guava/Objects$ToStringHelper;" line="391"><counter type="INSTRUCTION" missed="0" covered="5"/><counter type="LINE" missed="0" covered="1"/><counter type="COMPLEXITY" missed="0" covered="1"/><counter type="METHOD" missed="0" covered="1"/></method><method name="addValue" desc="(D)Lde/weltraumschaf/commons/guava/Objects$ToStringHelper;" line="406"><counter type="INSTRUCTION" missed="0" covered="5"/><counter type="LINE" missed="0" covered="1"/><counter type="COMPLEXITY" missed="0" covered="1"/><counter type="METHOD" missed="0" covered="1"/></method><method name="addValue" desc="(F)Lde/weltraumschaf/commons/guava/Objects$ToStringHelper;" line="421"><counter type="INSTRUCTION" missed="0" covered="5"/><counter type="LINE" missed="0" covered="1"/><counter type="COMPLEXITY" missed="0" covered="1"/><counter type="METHOD" missed="0" covered="1"/></method><method name="addValue" desc="(I)Lde/weltraumschaf/commons/guava/Objects$ToStringHelper;" line="436"><counter type="INSTRUCTION" missed="0" covered="5"/><counter type="LINE" missed="0" covered="1"/><counter type="COMPLEXITY" missed="0" covered="1"/><counter type="METHOD" missed="0" covered="1"/></method><method name="addValue" desc="(J)Lde/weltraumschaf/commons/guava/Objects$ToStringHelper;" line="451"><counter type="INSTRUCTION" missed="0" covered="5"/><counter type="LINE" missed="0" covered="1"/><counter type="COMPLEXITY" missed="0" covered="1"/><counter type="METHOD" missed="0" covered="1"/></method><method name="toString" desc="()Ljava/lang/String;" line="469"><counter type="INSTRUCTION" missed="0" covered="56"/><counter type="BRANCH" missed="0" covered="8"/><counter type="LINE" missed="0" covered="12"/><counter type="COMPLEXITY" missed="0" covered="5"/><counter type="METHOD" missed="0" covered="1"/></method><method name="addHolder" desc="()Lde/weltraumschaf/commons/guava/Objects$ToStringHelper$ValueHolder;" line="497"><counter type="INSTRUCTION" missed="0" covered="14"/><counter type="LINE" missed="0" covered="4"/><counter type="COMPLEXITY" missed="0" covered="1"/><counter type="METHOD" missed="0" covered="1"/></method><method name="addHolder" desc="(Ljava/lang/Object;)Lde/weltraumschaf/commons/guava/Objects$ToStringHelper;" line="510"><counter type="INSTRUCTION" missed="0" covered="8"/><counter type="LINE" missed="0" covered="3"/><counter type="COMPLEXITY" missed="0" covered="1"/><counter type="METHOD" missed="0" covered="1"/></method><method name="addHolder" desc="(Ljava/lang/String;Ljava/lang/Object;)Lde/weltraumschaf/commons/guava/Objects$ToStringHelper;" line="523"><counter type="INSTRUCTION" missed="0" covered="13"/><counter type="LINE" missed="0" covered="4"/><counter type="COMPLEXITY" missed="0" covered="1"/><counter type="METHOD" missed="0" covered="1"/></method><counter type="INSTRUCTION" missed="0" covered="190"/><counter type="BRANCH" missed="0" covered="8"/><counter type="LINE" missed="0" covered="44"/><counter type="COMPLEXITY" missed="0" covered="24"/><counter type="METHOD" missed="0" covered="20"/><counter type="CLASS" missed="0" covered="1"/></class><class name="de/weltraumschaf/commons/guava/Iterators"><method name="&lt;init&gt;" desc="()V" line="35"><counter type="INSTRUCTION" missed="0" covered="7"/><counter type="LINE" missed="0" covered="2"/><counter type="COMPLEXITY" missed="0" covered="1"/><counter type="METHOD" missed="0" covered="1"/></method><method name="addAll" desc="(Ljava/util/Collection;Ljava/util/Iterator;)Z" line="49"><counter type="INSTRUCTION" missed="0" covered="23"/><counter type="BRANCH" missed="0" covered="2"/><counter type="LINE" missed="0" covered="6"/><counter type="COMPLEXITY" missed="0" covered="2"/><counter type="METHOD" missed="0" covered="1"/></method><counter type="INSTRUCTION" missed="0" covered="30"/><counter type="BRANCH" missed="0" covered="2"/><counter type="LINE" missed="0" covered="8"/><counter type="COMPLEXITY" missed="0" covered="3"/><counter type="METHOD" missed="0" covered="2"/><counter type="CLASS" missed="0" covered="1"/></class><sourcefile name="Maps.java"><line nr="38" mi="0" ci="2" mb="0" cb="0"/><line nr="39" mi="0" ci="5" mb="0" cb="0"/><line nr="50" mi="0" ci="4" mb="0" cb="0"/><line nr="63" mi="0" ci="5" mb="0" cb="0"/><line nr="74" mi="4" ci="0" mb="0" cb="0"/><counter type="INSTRUCTION" missed="4" covered="16"/><counter type="LINE" missed="1" covered="4"/><counter type="COMPLEXITY" missed="1" covered="3"/><counter type="METHOD" missed="1" covered="3"/><counter type="CLASS" missed="0" covered="1"/></sourcefile><sourcefile name="Lists.java"><line nr="38" mi="0" ci="2" mb="0" cb="0"/><line nr="39" mi="0" ci="5" mb="0" cb="0"/><line nr="49" mi="0" ci="4" mb="0" cb="0"/><line nr="60" mi="3" ci="0" mb="0" cb="0"/><line nr="71" mi="0" ci="2" mb="1" cb="1"/><line nr="72" mi="0" ci="4" mb="0" cb="0"/><line nr="76" mi="3" ci="0" mb="2" cb="0"/><line nr="77" mi="6" ci="0" mb="0" cb="0"/><line nr="79" mi="4" ci="0" mb="0" cb="0"/><line nr="91" mi="0" ci="2" mb="0" cb="0"/><line nr="92" mi="0" ci="4" mb="0" cb="0"/><line nr="93" mi="0" ci="2" mb="0" cb="0"/><line nr="105" mi="0" ci="2" mb="0" cb="0"/><line nr="107" mi="0" ci="16" mb="0" cb="2"/><line nr="108" mi="0" ci="4" mb="0" cb="0"/><line nr="111" mi="0" ci="2" mb="0" cb="0"/><counter type="INSTRUCTION" missed="16" covered="49"/><counter type="BRANCH" missed="3" covered="3"/><counter type="LINE" missed="4" covered="12"/><counter type="COMPLEXITY" missed="3" covered="6"/><counter type="METHOD" missed="1" covered="5"/><counter type="CLASS" missed="0" covered="1"/></sourcefile><sourcefile name="Sets.java"><line nr="51" mi="0" ci="2" mb="0" cb="0"/><line nr="52" mi="0" ci="5" mb="0" cb="0"/><line nr="63" mi="0" ci="3" mb="0" cb="2"/><line nr="64" mi="0" ci="2" mb="0" cb="2"/><line nr="65" mi="0" ci="5" mb="0" cb="0"/><line nr="68" mi="0" ci="4" mb="0" cb="0"/><line nr="71" mi="0" ci="3" mb="0" cb="2"/><line nr="72" mi="0" ci="6" mb="0" cb="0"/><line nr="75" mi="0" ci="2" mb="0" cb="0"/><line nr="85" mi="4" ci="0" mb="0" cb="0"/><line nr="97" mi="0" ci="4" mb="0" cb="0"/><line nr="98" mi="0" ci="4" mb="0" cb="0"/><line nr="99" mi="0" ci="2" mb="0" cb="0"/><line nr="118" mi="0" ci="6" mb="0" cb="0"/><line nr="128" mi="4" ci="0" mb="0" cb="0"/><line nr="142" mi="3" ci="0" mb="0" cb="0"/><line nr="175" mi="5" ci="0" mb="0" cb="0"/><line nr="188" mi="2" ci="0" mb="2" cb="0"/><line nr="189" mi="6" ci="0" mb="0" cb="0"/><line nr="191" mi="1" ci="0" mb="0" cb="0"/><line nr="198" mi="2" ci="0" mb="0" cb="0"/><line nr="199" mi="4" ci="0" mb="0" cb="0"/><line nr="200" mi="3" ci="0" mb="0" cb="0"/><line nr="201" mi="4" ci="0" mb="0" cb="0"/><line nr="202" mi="1" ci="0" mb="0" cb="0"/><line nr="206" mi="3" ci="0" mb="0" cb="0"/><line nr="207" mi="1" ci="0" mb="0" cb="0"/><line nr="211" mi="4" ci="0" mb="0" cb="0"/><line nr="216" mi="4" ci="0" mb="0" cb="0"/><line nr="221" mi="5" ci="0" mb="0" cb="0"/><line nr="226" mi="9" ci="0" mb="2" cb="0"/><line nr="231" mi="10" ci="0" mb="2" cb="0"/><line nr="236" mi="4" ci="0" mb="0" cb="0"/><line nr="241" mi="4" ci="0" mb="0" cb="0"/><line nr="246" mi="5" ci="0" mb="0" cb="0"/><line nr="251" mi="4" ci="0" mb="0" cb="0"/><line nr="256" mi="4" ci="0" mb="0" cb="0"/><line nr="261" mi="12" ci="0" mb="4" cb="0"/><line nr="266" mi="5" ci="0" mb="0" cb="0"/><line nr="271" mi="5" ci="0" mb="0" cb="0"/><line nr="276" mi="5" ci="0" mb="0" cb="0"/><line nr="284" mi="2" ci="0" mb="0" cb="0"/><line nr="285" mi="5" ci="0" mb="0" cb="0"/><line nr="286" mi="1" ci="0" mb="0" cb="0"/><counter type="INSTRUCTION" missed="131" covered="48"/><counter type="BRANCH" missed="10" covered="6"/><counter type="LINE" missed="31" covered="13"/><counter type="COMPLEXITY" missed="27" covered="7"/><counter type="METHOD" missed="22" covered="4"/><counter type="CLASS" missed="1" covered="1"/></sourcefile><sourcefile name="Objects.java"><line nr="39" mi="0" ci="2" mb="0" cb="0"/><line nr="40" mi="0" ci="5" mb="0" cb="0"/><line nr="61" mi="0" ci="13" mb="1" cb="5"/><line nr="87" mi="0" ci="3" mb="0" cb="0"/><line nr="108" mi="7" ci="0" mb="2" cb="0"/><line nr="155" mi="0" ci="8" mb="0" cb="0"/><line nr="171" mi="0" ci="7" mb="0" cb="0"/><line nr="183" mi="0" ci="6" mb="0" cb="0"/><line nr="193" mi="0" ci="3" mb="0" cb="0"/><line nr="197" mi="0" ci="5" mb="0" cb="0"/><line nr="200" mi="0" ci="4" mb="0" cb="0"/><line nr="204" mi="0" ci="3" mb="1" cb="1"/><line nr="205" mi="0" ci="4" mb="0" cb="0"/><line nr="208" mi="0" ci="6" mb="0" cb="0"/><line nr="231" mi="0" ci="6" mb="0" cb="0"/><line nr="235" mi="0" ci="4" mb="0" cb="0"/><line nr="246" mi="0" ci="2" mb="0" cb="0"/><line nr="247" mi="0" ci="6" mb="0" cb="0"/><line nr="248" mi="0" ci="1" mb="0" cb="0"/><line nr="260" mi="0" ci="3" mb="0" cb="0"/><line nr="261" mi="0" ci="2" mb="0" cb="0"/><line nr="275" mi="0" ci="5" mb="0" cb="0"/><line nr="287" mi="0" ci="6" mb="0" cb="0"/><line nr="299" mi="0" ci="6" mb="0" cb="0"/><line nr="311" mi="0" ci="6" mb="0" cb="0"/><line nr="323" mi="0" ci="6" mb="0" cb="0"/><line nr="335" mi="0" ci="6" mb="0" cb="0"/><line nr="347" mi="0" ci="6" mb="0" cb="0"/><line nr="361" mi="0" ci="4" mb="0" cb="0"/><line nr="376" mi="0" ci="5" mb="0" cb="0"/><line nr="391" mi="0" ci="5" mb="0" cb="0"/><line nr="406" mi="0" ci="5" mb="0" cb="0"/><line nr="421" mi="0" ci="5" mb="0" cb="0"/><line nr="436" mi="0" ci="5" mb="0" cb="0"/><line nr="451" mi="0" ci="5" mb="0" cb="0"/><line nr="469" mi="0" ci="3" mb="0" cb="0"/><line nr="470" mi="0" ci="2" mb="0" cb="0"/><line nr="471" mi="0" ci="10" mb="0" cb="0"/><line nr="474" mi="0" ci="6" mb="0" cb="2"/><line nr="475" mi="0" ci="4" mb="0" cb="0"/><line nr="476" mi="0" ci="5" mb="0" cb="4"/><line nr="477" mi="0" ci="4" mb="0" cb="0"/><line nr="478" mi="0" ci="2" mb="0" cb="0"/><line nr="480" mi="0" ci="3" mb="0" cb="2"/><line nr="481" mi="0" ci="7" mb="0" cb="0"/><line nr="484" mi="0" ci="5" mb="0" cb="0"/><line nr="488" mi="0" ci="5" mb="0" cb="0"/><line nr="497" mi="0" ci="5" mb="0" cb="0"/><line nr="498" mi="0" ci="4" mb="0" cb="0"/><line nr="499" mi="0" ci="3" mb="0" cb="0"/><line nr="500" mi="0" ci="2" mb="0" cb="0"/><line nr="510" mi="0" ci="3" mb="0" cb="0"/><line nr="511" mi="0" ci="3" mb="0" cb="0"/><line nr="512" mi="0" ci="2" mb="0" cb="0"/><line nr="523" mi="0" ci="3" mb="0" cb="0"/><line nr="524" mi="0" ci="3" mb="0" cb="0"/><line nr="525" mi="0" ci="5" mb="0" cb="0"/><line nr="526" mi="0" ci="2" mb="0" cb="0"/><line nr="532" mi="0" ci="3" mb="0" cb="0"/><counter type="INSTRUCTION" missed="7" covered="262"/><counter type="BRANCH" missed="4" covered="14"/><counter type="LINE" missed="1" covered="58"/><counter type="COMPLEXITY" missed="4" covered="34"/><counter type="METHOD" missed="1" covered="28"/><counter type="CLASS" missed="0" covered="3"/></sourcefile><sourcefile name="Iterators.java"><line nr="35" mi="0" ci="2" mb="0" cb="0"/><line nr="36" mi="0" ci="5" mb="0" cb="0"/><line nr="49" mi="0" ci="4" mb="0" cb="0"/><line nr="50" mi="0" ci="4" mb="0" cb="0"/><line nr="51" mi="0" ci="2" mb="0" cb="0"/><line nr="53" mi="0" ci="3" mb="0" cb="2"/><line nr="54" mi="0" ci="8" mb="0" cb="0"/><line nr="57" mi="0" ci="2" mb="0" cb="0"/><counter type="INSTRUCTION" missed="0" covered="30"/><counter type="BRANCH" missed="0" covered="2"/><counter type="LINE" missed="0" covered="8"/><counter type="COMPLEXITY" missed="0" covered="3"/><counter type="METHOD" missed="0" covered="2"/><counter type="CLASS" missed="0" covered="1"/></sourcefile><counter type="INSTRUCTION" missed="158" covered="405"/><counter type="BRANCH" missed="17" covered="25"/><counter type="LINE" missed="37" covered="95"/><counter type="COMPLEXITY" missed="35" covered="53"/><counter type="METHOD" missed="25" covered="42"/><counter type="CLASS" missed="1" covered="7"/></package><counter type="INSTRUCTION" missed="158" covered="405"/><counter type="BRANCH" missed="17" covered="25"/><counter type="LINE" missed="37" covered="95"/><counter type="COMPLEXITY" missed="35" covered="53"/><counter type="METHOD" missed="25" covered="42"/><counter type="CLASS" missed="1" covered="7"/></report>