<?xml version="1.0" encoding="UTF-8" standalone="yes"?><!DOCTYPE report PUBLIC "-//JACOCO//DTD Report 1.0//EN" "report.dtd"><report name="Commons Config"><sessioninfo id="ICON170-7b41599c" start="1430819957138" dump="1430819958799"/><package name="de/weltraumschaf/commons/config"><class name="de/weltraumschaf/commons/config/ReloadingPropertiesConfiguration"><method name="&lt;init&gt;" desc="(Ljava/lang/String;)V" line="90"><counter type="INSTRUCTION" missed="9" covered="0"/><counter type="LINE" missed="2" covered="0"/><counter type="COMPLEXITY" missed="1" covered="0"/><counter type="METHOD" missed="1" covered="0"/></method><method name="&lt;init&gt;" desc="(Ljava/io/File;)V" line="99"><counter type="INSTRUCTION" missed="0" covered="5"/><counter type="LINE" missed="0" covered="2"/><counter type="COMPLEXITY" missed="0" covered="1"/><counter type="METHOD" missed="0" covered="1"/></method><method name="&lt;init&gt;" desc="(Ljava/nio/file/Path;)V" line="71"><counter type="INSTRUCTION" missed="0" covered="17"/><counter type="LINE" missed="0" covered="5"/><counter type="COMPLEXITY" missed="0" covered="1"/><counter type="METHOD" missed="0" covered="1"/></method><method name="getProperty" desc="(Ljava/lang/String;Ljava/lang/String;)Ljava/lang/String;" line="123"><counter type="INSTRUCTION" missed="0" covered="14"/><counter type="BRANCH" missed="0" covered="2"/><counter type="LINE" missed="0" covered="5"/><counter type="COMPLEXITY" missed="0" covered="2"/><counter type="METHOD" missed="0" covered="1"/></method><method name="getRequiredProperty" desc="(Ljava/lang/String;)Ljava/lang/String;" line="143"><counter type="INSTRUCTION" missed="0" covered="20"/><counter type="BRANCH" missed="0" covered="2"/><counter type="LINE" missed="0" covered="4"/><counter type="COMPLEXITY" missed="0" covered="2"/><counter type="METHOD" missed="0" covered="1"/></method><method name="getFlag" desc="(Ljava/lang/String;Z)Z" line="164"><counter type="INSTRUCTION" missed="0" covered="7"/><counter type="LINE" missed="0" covered="1"/><counter type="COMPLEXITY" missed="0" covered="1"/><counter type="METHOD" missed="0" covered="1"/></method><method name="getInteger" desc="(Ljava/lang/String;I)I" line="179"><counter type="INSTRUCTION" missed="0" covered="7"/><counter type="LINE" missed="0" covered="1"/><counter type="COMPLEXITY" missed="0" covered="1"/><counter type="METHOD" missed="0" covered="1"/></method><method name="getProperty" desc="(Ljava/lang/String;)Ljava/lang/String;" line="189"><counter type="INSTRUCTION" missed="0" covered="9"/><counter type="LINE" missed="0" covered="2"/><counter type="COMPLEXITY" missed="0" covered="1"/><counter type="METHOD" missed="0" covered="1"/></method><method name="ensureConfigurationIsFresh" desc="()V" line="198"><counter type="INSTRUCTION" missed="46" covered="40"/><counter type="BRANCH" missed="7" covered="3"/><counter type="LINE" missed="3" covered="9"/><counter type="COMPLEXITY" missed="5" covered="1"/><counter type="METHOD" missed="0" covered="1"/></method><counter type="INSTRUCTION" missed="55" covered="119"/><counter type="BRANCH" missed="7" covered="7"/><counter type="LINE" missed="5" covered="29"/><counter type="COMPLEXITY" missed="6" covered="10"/><counter type="METHOD" missed="1" covered="8"/><counter type="CLASS" missed="0" covered="1"/></class><sourcefile name="ReloadingPropertiesConfiguration.java"><line nr="71" mi="0" ci="5" mb="0" cb="0"/><line nr="82" mi="0" ci="3" mb="0" cb="0"/><line nr="90" mi="8" ci="0" mb="0" cb="0"/><line nr="91" mi="1" ci="0" mb="0" cb="0"/><line nr="99" mi="0" ci="4" mb="0" cb="0"/><line nr="100" mi="0" ci="1" mb="0" cb="0"/><line nr="108" mi="0" ci="2" mb="0" cb="0"/><line nr="109" mi="0" ci="6" mb="0" cb="0"/><line nr="110" mi="0" ci="1" mb="0" cb="0"/><line nr="123" mi="0" ci="4" mb="0" cb="0"/><line nr="124" mi="0" ci="4" mb="0" cb="0"/><line nr="126" mi="0" ci="2" mb="0" cb="2"/><line nr="127" mi="0" ci="2" mb="0" cb="0"/><line nr="130" mi="0" ci="2" mb="0" cb="0"/><line nr="143" mi="0" ci="4" mb="0" cb="0"/><line nr="145" mi="0" ci="2" mb="0" cb="2"/><line nr="146" mi="0" ci="12" mb="0" cb="0"/><line nr="149" mi="0" ci="2" mb="0" cb="0"/><line nr="164" mi="0" ci="7" mb="0" cb="0"/><line nr="179" mi="0" ci="7" mb="0" cb="0"/><line nr="189" mi="0" ci="2" mb="0" cb="0"/><line nr="190" mi="0" ci="7" mb="0" cb="0"/><line nr="198" mi="0" ci="7" mb="0" cb="0"/><line nr="200" mi="0" ci="5" mb="1" cb="1"/><line nr="201" mi="1" ci="0" mb="0" cb="0"/><line nr="204" mi="0" ci="3" mb="0" cb="0"/><line nr="206" mi="5" ci="9" mb="0" cb="0"/><line nr="207" mi="0" ci="3" mb="0" cb="0"/><line nr="208" mi="0" ci="4" mb="0" cb="0"/><line nr="209" mi="25" ci="7" mb="6" cb="2"/><line nr="210" mi="1" ci="0" mb="0" cb="0"/><line nr="211" mi="14" ci="0" mb="0" cb="0"/><line nr="212" mi="0" ci="1" mb="0" cb="0"/><line nr="213" mi="0" ci="1" mb="0" cb="0"/><counter type="INSTRUCTION" missed="55" covered="119"/><counter type="BRANCH" missed="7" covered="7"/><counter type="LINE" missed="5" covered="29"/><counter type="COMPLEXITY" missed="6" covered="10"/><counter type="METHOD" missed="1" covered="8"/><counter type="CLASS" missed="0" covered="1"/></sourcefile><counter type="INSTRUCTION" missed="55" covered="119"/><counter type="BRANCH" missed="7" covered="7"/><counter type="LINE" missed="5" covered="29"/><counter type="COMPLEXITY" missed="6" covered="10"/><counter type="METHOD" missed="1" covered="8"/><counter type="CLASS" missed="0" covered="1"/></package><counter type="INSTRUCTION" missed="55" covered="119"/><counter type="BRANCH" missed="7" covered="7"/><counter type="LINE" missed="5" covered="29"/><counter type="COMPLEXITY" missed="6" covered="10"/><counter type="METHOD" missed="1" covered="8"/><counter type="CLASS" missed="0" covered="1"/></report>